Log file open, 12/10/23 02:29:24
LogWindows: Failed to load 'aqProf.dll' (GetLastError=126)
LogWindows: File 'aqProf.dll' does not exist
LogWindows: Failed to load 'VtuneApi.dll' (GetLastError=126)
LogWindows: File 'VtuneApi.dll' does not exist
LogWindows: Failed to load 'VtuneApi32e.dll' (GetLastError=126)
LogWindows: File 'VtuneApi32e.dll' does not exist
LogConsoleResponse: Display: Failed to find resolution value strings in scalability ini. Falling back to default.
LogConsoleResponse: Display: Failed to find resolution value strings in scalability ini. Falling back to default.
LogInit: Display: Running engine for game: DuckHuntAO
LogPlatformFile: Not using cached read wrapper
LogTaskGraph: Started task graph with 5 named threads and 23 total threads with 3 sets of task threads.
LogStats: Stats thread started at 0.329179
LogICUInternationalization: ICU TimeZone Detection - Raw Offset: -6:00, Platform Override: ''
LogInit: Display: Loading text-based GConfig....
LogPluginManager: Mounting plugin MeshPainting
LogPluginManager: Mounting plugin XGEController
LogPluginManager: Mounting plugin Paper2D
LogPluginManager: Mounting plugin LiveLink
LogPluginManager: Mounting plugin LightPropagationVolume
LogPluginManager: Mounting plugin CameraShakePreviewer
LogPluginManager: Mounting plugin AISupport
LogPluginManager: Mounting plugin GameplayCameras
LogPluginManager: Mounting plugin EnvironmentQueryEditor
LogPluginManager: Mounting plugin OodleData
LogPluginManager: Mounting plugin OodleNetwork
LogPluginManager: Mounting plugin Niagara
LogPluginManager: Mounting plugin AlembicImporter
LogPluginManager: Mounting plugin BackChannel
LogPluginManager: Mounting plugin ChaosClothEditor
LogPluginManager: Mounting plugin ChaosEditor
LogPluginManager: Mounting plugin ChaosCloth
LogPluginManager: Mounting plugin AutomationUtils
LogPluginManager: Mounting plugin ChaosNiagara
LogPluginManager: Mounting plugin ChaosSolverPlugin
LogPluginManager: Mounting plugin CharacterAI
LogPluginManager: Mounting plugin GeometryCache
LogPluginManager: Mounting plugin GeometryCollectionPlugin
LogPluginManager: Mounting plugin GeometryProcessing
LogPluginManager: Mounting plugin OpenImageDenoise
LogPluginManager: Mounting plugin MotoSynth
LogPluginManager: Mounting plugin PlanarCut
LogPluginManager: Mounting plugin PlatformCrypto
LogPluginManager: Mounting plugin ProxyLODPlugin
LogPluginManager: Mounting plugin PythonScriptPlugin
LogPluginManager: Mounting plugin SkeletalReduction
LogPluginManager: Mounting plugin AnimationSharing
LogPluginManager: Mounting plugin CLionSourceCodeAccess
LogPluginManager: Mounting plugin CodeLiteSourceCodeAccess
LogPluginManager: Mounting plugin KDevelopSourceCodeAccess
LogPluginManager: Mounting plugin GitSourceControl
LogPluginManager: Mounting plugin NullSourceCodeAccess
LogPluginManager: Mounting plugin PerforceSourceControl
LogPluginManager: Mounting plugin PixWinPlugin
LogPluginManager: Mounting plugin PlasticSourceControl
LogPluginManager: Mounting plugin PluginUtils
LogPluginManager: Mounting plugin PropertyAccessNode
LogPluginManager: Mounting plugin RiderSourceCodeAccess
LogPluginManager: Mounting plugin SubversionSourceControl
LogPluginManager: Mounting plugin UObjectPlugin
LogPluginManager: Mounting plugin TextureFormatOodle
LogPluginManager: Mounting plugin XCodeSourceCodeAccess
LogPluginManager: Mounting plugin VisualStudioSourceCodeAccess
LogPluginManager: Mounting plugin VisualStudioCodeSourceCodeAccess
LogPluginManager: Mounting plugin DatasmithContent
LogPluginManager: Mounting plugin VariantManagerContent
LogPluginManager: Mounting plugin AndroidMedia
LogPluginManager: Mounting plugin AvfMedia
LogPluginManager: Mounting plugin ImgMedia
LogPluginManager: Mounting plugin MediaCompositing
LogPluginManager: Mounting plugin MediaPlayerEditor
LogPluginManager: Mounting plugin WebMMedia
LogPluginManager: Mounting plugin WmfMedia
LogPluginManager: Mounting plugin TcpMessaging
LogPluginManager: Mounting plugin UdpMessaging
LogPluginManager: Mounting plugin AssetManagerEditor
LogPluginManager: Mounting plugin CryptoKeys
LogPluginManager: Mounting plugin CurveEditorTools
LogPluginManager: Mounting plugin DataValidation
LogPluginManager: Mounting plugin FacialAnimation
LogPluginManager: Mounting plugin GameplayTagsEditor
LogPluginManager: Mounting plugin GeometryMode
LogPluginManager: Mounting plugin MacGraphicsSwitching
LogPluginManager: Mounting plugin MaterialAnalyzer
LogPluginManager: Mounting plugin MobileLauncherProfileWizard
LogPluginManager: Mounting plugin PluginBrowser
LogPluginManager: Mounting plugin SpeedTreeImporter
LogPluginManager: Mounting plugin ActorSequence
LogPluginManager: Mounting plugin LevelSequenceEditor
LogPluginManager: Mounting plugin MatineeToLevelSequence
LogPluginManager: Mounting plugin LuminPlatformFeatures
LogPluginManager: Mounting plugin MagicLeap
LogPluginManager: Mounting plugin TemplateSequence
LogPluginManager: Mounting plugin MagicLeapLightEstimation
LogPluginManager: Mounting plugin MagicLeapMedia
LogPluginManager: Mounting plugin MagicLeapPassableWorld
LogPluginManager: Mounting plugin MLSDK
LogPluginManager: Mounting plugin OnlineSubsystem
LogPluginManager: Mounting plugin OnlineSubsystemNull
LogPluginManager: Mounting plugin LauncherChunkInstaller
LogPluginManager: Mounting plugin OnlineSubsystemUtils
LogPluginManager: Mounting plugin ActorLayerUtilities
LogPluginManager: Mounting plugin AndroidDeviceProfileSelector
LogPluginManager: Mounting plugin AndroidMoviePlayer
LogPluginManager: Mounting plugin AndroidPermission
LogPluginManager: Mounting plugin AppleMoviePlayer
LogPluginManager: Mounting plugin AppleImageUtils
LogPluginManager: Mounting plugin ArchVisCharacter
LogPluginManager: Mounting plugin AssetTags
LogPluginManager: Mounting plugin AudioCapture
LogPluginManager: Mounting plugin AudioSynesthesia
LogPluginManager: Mounting plugin ChunkDownloader
LogPluginManager: Mounting plugin CustomMeshComponent
LogPluginManager: Mounting plugin CableComponent
LogPluginManager: Mounting plugin EditableMesh
LogPluginManager: Mounting plugin ExampleDeviceProfileSelector
LogPluginManager: Mounting plugin GooglePAD
LogPluginManager: Mounting plugin GoogleCloudMessaging
LogPluginManager: Mounting plugin IOSDeviceProfileSelector
LogPluginManager: Mounting plugin LinuxDeviceProfileSelector
LogPluginManager: Mounting plugin LocationServicesBPLibrary
LogPluginManager: Mounting plugin MobilePatchingUtils
LogPluginManager: Mounting plugin OpenXR
LogPluginManager: Mounting plugin OpenXRHandTracking
LogPluginManager: Mounting plugin OpenXREyeTracker
LogPluginManager: Mounting plugin PhysXVehicles
LogPluginManager: Mounting plugin PostSplashScreen
LogPluginManager: Mounting plugin ProceduralMeshComponent
LogPluginManager: Mounting plugin PropertyAccessEditor
LogPluginManager: Mounting plugin RuntimePhysXCooking
LogPluginManager: Mounting plugin SignificanceManager
LogPluginManager: Mounting plugin SoundFields
LogPluginManager: Mounting plugin Synthesis
LogPluginManager: Mounting plugin WebMMoviePlayer
LogPluginManager: Mounting plugin WindowsMoviePlayer
LogPluginManager: Mounting plugin ScreenshotTools
LogPluginManager: Mounting plugin Takes
LogPluginManager: Mounting plugin ContentBrowserAssetDataSource
LogPluginManager: Mounting plugin ContentBrowserClassDataSource
LogPluginManager: Mounting plugin ContentBrowserFileDataSource
LogPluginManager: Mounting plugin OnlineSubsystemGooglePlay
LogPluginManager: Mounting plugin OnlineSubsystemIOS
LogPluginManager: Mounting plugin OculusVR
LogPluginManager: Mounting plugin SteamVR
PixWinPlugin: PIX capture plugin failed to initialize! Check that the process is launched from PIX.
LogInit: Using libcurl 7.55.1-DEV
LogInit:  - built for x86_64-pc-win32
LogInit:  - supports SSL with OpenSSL/1.1.1
LogInit:  - supports HTTP deflate (compression) using libz 1.2.8
LogInit:  - other features:
LogInit:      CURL_VERSION_SSL
LogInit:      CURL_VERSION_LIBZ
LogInit:      CURL_VERSION_IPV6
LogInit:      CURL_VERSION_ASYNCHDNS
LogInit:      CURL_VERSION_LARGEFILE
LogInit:      CURL_VERSION_IDN
LogInit:  CurlRequestOptions (configurable via config and command line):
LogInit:  - bVerifyPeer = true  - Libcurl will verify peer certificate
LogInit:  - bUseHttpProxy = false  - Libcurl will NOT use HTTP proxy
LogInit:  - bDontReuseConnections = false  - Libcurl will reuse connections
LogInit:  - MaxHostConnections = 16  - Libcurl will limit the number of connections to a host
LogInit:  - LocalHostAddr = Default
LogInit:  - BufferSize = 65536
LogOnline: OSS: Creating online subsystem instance for: NULL
LogInit: WinSock: version 1.1 (2.2), MaxSocks=32767, MaxUdp=65467
LogOnline: OSS: TryLoadSubsystemAndSetDefault: Loaded subsystem for module [NULL]
LogOculusPluginWrapper: OculusPlugin initialized successfully
LogHMD: Failed initializing OVRPlugin 1.59.0
LogInit: Build: ++UE4+Release-4.27-CL-18319896
LogInit: Engine Version: 4.27.2-18319896+++UE4+Release-4.27
LogInit: Compatible Engine Version: 4.27.0-17155196+++UE4+Release-4.27
LogInit: Net CL: 17155196
LogInit: OS: Windows 10 (Release 2009) (), CPU: AMD Ryzen 5 3550H with Radeon Vega Mobile Gfx  , GPU: AMD Radeon(TM) Vega 8 Graphics
LogInit: Compiled (64-bit): Nov 30 2021 07:12:08
LogInit: Compiled with Visual C++: 19.24.28315.00
LogInit: Build Configuration: Development
LogInit: Branch Name: ++UE4+Release-4.27
LogInit: Command Line: 
LogInit: Base Directory: D:/Epic Games/UE_4.27/Engine/Binaries/Win64/
LogInit: Allocator: TBB
LogInit: Installed Engine Build: 1
LogDevObjectVersion: Number of dev versions registered: 29
LogDevObjectVersion:   Dev-Blueprints (B0D832E4-1F89-4F0D-ACCF-7EB736FD4AA2): 10
LogDevObjectVersion:   Dev-Build (E1C64328-A22C-4D53-A36C-8E866417BD8C): 0
LogDevObjectVersion:   Dev-Core (375EC13C-06E4-48FB-B500-84F0262A717E): 4
LogDevObjectVersion:   Dev-Editor (E4B068ED-F494-42E9-A231-DA0B2E46BB41): 40
LogDevObjectVersion:   Dev-Framework (CFFC743F-43B0-4480-9391-14DF171D2073): 37
LogDevObjectVersion:   Dev-Mobile (B02B49B5-BB20-44E9-A304-32B752E40360): 3
LogDevObjectVersion:   Dev-Networking (A4E4105C-59A1-49B5-A7C5-40C4547EDFEE): 0
LogDevObjectVersion:   Dev-Online (39C831C9-5AE6-47DC-9A44-9C173E1C8E7C): 0
LogDevObjectVersion:   Dev-Physics (78F01B33-EBEA-4F98-B9B4-84EACCB95AA2): 14
LogDevObjectVersion:   Dev-Platform (6631380F-2D4D-43E0-8009-CF276956A95A): 0
LogDevObjectVersion:   Dev-Rendering (12F88B9F-8875-4AFC-A67C-D90C383ABD29): 45
LogDevObjectVersion:   Dev-Sequencer (7B5AE74C-D270-4C10-A958-57980B212A5A): 13
LogDevObjectVersion:   Dev-VR (D7296918-1DD6-4BDD-9DE2-64A83CC13884): 3
LogDevObjectVersion:   Dev-LoadTimes (C2A15278-BFE7-4AFE-6C17-90FF531DF755): 1
LogDevObjectVersion:   Private-Geometry (6EACA3D4-40EC-4CC1-B786-8BED09428FC5): 3
LogDevObjectVersion:   Dev-AnimPhys (29E575DD-E0A3-4627-9D10-D276232CDCEA): 17
LogDevObjectVersion:   Dev-Anim (AF43A65D-7FD3-4947-9873-3E8ED9C1BB05): 15
LogDevObjectVersion:   Dev-ReflectionCapture (6B266CEC-1EC7-4B8F-A30B-E4D90942FC07): 1
LogDevObjectVersion:   Dev-Automation (0DF73D61-A23F-47EA-B727-89E90C41499A): 1
LogDevObjectVersion:   FortniteMain (601D1886-AC64-4F84-AA16-D3DE0DEAC7D6): 47
LogDevObjectVersion:   FortniteRelease (E7086368-6B23-4C58-8439-1B7016265E91): 1
LogDevObjectVersion:   Dev-Enterprise (9DFFBCD6-494F-0158-E221-12823C92A888): 10
LogDevObjectVersion:   Dev-Niagara (F2AED0AC-9AFE-416F-8664-AA7FFA26D6FC): 1
LogDevObjectVersion:   Dev-Destruction (174F1F0B-B4C6-45A5-B13F-2EE8D0FB917D): 10
LogDevObjectVersion:   Dev-Physics-Ext (35F94A83-E258-406C-A318-09F59610247C): 41
LogDevObjectVersion:   Dev-PhysicsMaterial-Chaos (B68FC16E-8B1B-42E2-B453-215C058844FE): 1
LogDevObjectVersion:   Dev-CineCamera (B2E18506-4273-CFC2-A54E-F4BB758BBA07): 1
LogDevObjectVersion:   Dev-VirtualProduction (64F58936-FD1B-42BA-BA96-7289D5D0FA4E): 1
LogDevObjectVersion:   Dev-MediaFramework (6F0ED827-A609-4895-9C91-998D90180EA4): 2
LogInit: Presizing for max 25165824 objects, including 0 objects not considered by GC, pre-allocating 0 bytes for permanent pool.
LogConfig: Applying CVar settings from Section [/Script/Engine.StreamingSettings] File [C:/Users/austi/Desktop/UnrealEngine Projects/DuckHuntAO/Duck-Hunt-AO/DuckHuntAO/Saved/Config/Windows/Engine.ini]
LogConfig: Setting CVar [[s.MinBulkDataSizeForAsyncLoading:131072]]
LogConfig: Setting CVar [[s.AsyncLoadingThreadEnabled:0]]
LogConfig: Setting CVar [[s.EventDrivenLoaderEnabled:1]]
LogConfig: Setting CVar [[s.WarnIfTimeLimitExceeded:0]]
LogConfig: Setting CVar [[s.TimeLimitExceededMultiplier:1.5]]
LogConfig: Setting CVar [[s.TimeLimitExceededMinTime:0.005]]
LogConfig: Setting CVar [[s.UseBackgroundLevelStreaming:1]]
LogConfig: Setting CVar [[s.PriorityAsyncLoadingExtraTime:15.0]]
LogConfig: Setting CVar [[s.LevelStreamingActorsUpdateTimeLimit:5.0]]
LogConfig: Setting CVar [[s.PriorityLevelStreamingActorsUpdateExtraTime:5.0]]
LogConfig: Setting CVar [[s.LevelStreamingComponentsRegistrationGranularity:10]]
LogConfig: Setting CVar [[s.UnregisterComponentsTimeLimit:1.0]]
LogConfig: Setting CVar [[s.LevelStreamingComponentsUnregistrationGranularity:5]]
LogConfig: Setting CVar [[s.FlushStreamingOnExit:1]]
LogInit: Object subsystem initialized
LogConfig: Setting CVar [[con.DebugEarlyDefault:1]]
LogConfig: Setting CVar [[r.setres:1280x720]]
[2023.12.10-08.29.25:240][  0]LogConfig: Setting CVar [[r.VSync:0]]
[2023.12.10-08.29.25:240][  0]LogConfig: Setting CVar [[r.RHICmdBypass:0]]
[2023.12.10-08.29.25:240][  0]LogConfig: Applying CVar settings from Section [/Script/Engine.RendererSettings] File [C:/Users/austi/Desktop/UnrealEngine Projects/DuckHuntAO/Duck-Hunt-AO/DuckHuntAO/Saved/Config/Windows/Engine.ini]
[2023.12.10-08.29.25:240][  0]LogConfig: Setting CVar [[r.GPUCrashDebugging:0]]
[2023.12.10-08.29.25:240][  0]LogConfig: Applying CVar settings from Section [/Script/Engine.RendererOverrideSettings] File [C:/Users/austi/Desktop/UnrealEngine Projects/DuckHuntAO/Duck-Hunt-AO/DuckHuntAO/Saved/Config/Windows/Engine.ini]
[2023.12.10-08.29.25:240][  0]LogConfig: Applying CVar settings from Section [/Script/Engine.StreamingSettings] File [C:/Users/austi/Desktop/UnrealEngine Projects/DuckHuntAO/Duck-Hunt-AO/DuckHuntAO/Saved/Config/Windows/Engine.ini]
[2023.12.10-08.29.25:240][  0]LogConfig: Setting CVar [[s.MinBulkDataSizeForAsyncLoading:131072]]
[2023.12.10-08.29.25:240][  0]LogConfig: Setting CVar [[s.AsyncLoadingThreadEnabled:0]]
[2023.12.10-08.29.25:240][  0]LogConfig: Setting CVar [[s.EventDrivenLoaderEnabled:1]]
[2023.12.10-08.29.25:240][  0]LogConfig: Setting CVar [[s.WarnIfTimeLimitExceeded:0]]
[2023.12.10-08.29.25:240][  0]LogConfig: Setting CVar [[s.TimeLimitExceededMultiplier:1.5]]
[2023.12.10-08.29.25:240][  0]LogConfig: Setting CVar [[s.TimeLimitExceededMinTime:0.005]]
[2023.12.10-08.29.25:240][  0]LogConfig: Setting CVar [[s.UseBackgroundLevelStreaming:1]]
[2023.12.10-08.29.25:240][  0]LogConfig: Setting CVar [[s.PriorityAsyncLoadingExtraTime:15.0]]
[2023.12.10-08.29.25:240][  0]LogConfig: Setting CVar [[s.LevelStreamingActorsUpdateTimeLimit:5.0]]
[2023.12.10-08.29.25:240][  0]LogConfig: Setting CVar [[s.PriorityLevelStreamingActorsUpdateExtraTime:5.0]]
[2023.12.10-08.29.25:240][  0]LogConfig: Setting CVar [[s.LevelStreamingComponentsRegistrationGranularity:10]]
[2023.12.10-08.29.25:240][  0]LogConfig: Setting CVar [[s.UnregisterComponentsTimeLimit:1.0]]
[2023.12.10-08.29.25:241][  0]LogConfig: Setting CVar [[s.LevelStreamingComponentsUnregistrationGranularity:5]]
[2023.12.10-08.29.25:241][  0]LogConfig: Setting CVar [[s.FlushStreamingOnExit:1]]
[2023.12.10-08.29.25:241][  0]LogConfig: Applying CVar settings from Section [/Script/Engine.GarbageCollectionSettings] File [C:/Users/austi/Desktop/UnrealEngine Projects/DuckHuntAO/Duck-Hunt-AO/DuckHuntAO/Saved/Config/Windows/Engine.ini]
[2023.12.10-08.29.25:241][  0]LogConfig: Setting CVar [[gc.MaxObjectsNotConsideredByGC:1]]
[2023.12.10-08.29.25:241][  0]LogConfig: Setting CVar [[gc.SizeOfPermanentObjectPool:0]]
[2023.12.10-08.29.25:241][  0]LogConfig: Setting CVar [[gc.FlushStreamingOnGC:0]]
[2023.12.10-08.29.25:241][  0]LogConfig: Setting CVar [[gc.NumRetriesBeforeForcingGC:10]]
[2023.12.10-08.29.25:241][  0]LogConfig: Setting CVar [[gc.AllowParallelGC:1]]
[2023.12.10-08.29.25:241][  0]LogConfig: Setting CVar [[gc.TimeBetweenPurgingPendingKillObjects:61.1]]
[2023.12.10-08.29.25:241][  0]LogConfig: Setting CVar [[gc.MaxObjectsInEditor:25165824]]
[2023.12.10-08.29.25:241][  0]LogConfig: Setting CVar [[gc.IncrementalBeginDestroyEnabled:1]]
[2023.12.10-08.29.25:241][  0]LogConfig: Setting CVar [[gc.CreateGCClusters:1]]
[2023.12.10-08.29.25:241][  0]LogConfig: Setting CVar [[gc.MinGCClusterSize:5]]
[2023.12.10-08.29.25:241][  0]LogConfig: Setting CVar [[gc.ActorClusteringEnabled:0]]
[2023.12.10-08.29.25:241][  0]LogConfig: Setting CVar [[gc.BlueprintClusteringEnabled:0]]
[2023.12.10-08.29.25:241][  0]LogConfig: Setting CVar [[gc.UseDisregardForGCOnDedicatedServers:0]]
[2023.12.10-08.29.25:241][  0]LogConfig: Setting CVar [[gc.MultithreadedDestructionEnabled:1]]
[2023.12.10-08.29.25:241][  0]LogConfig: Applying CVar settings from Section [/Script/Engine.NetworkSettings] File [C:/Users/austi/Desktop/UnrealEngine Projects/DuckHuntAO/Duck-Hunt-AO/DuckHuntAO/Saved/Config/Windows/Engine.ini]
[2023.12.10-08.29.25:241][  0]LogConfig: Applying CVar settings from Section [/Script/UnrealEd.CookerSettings] File [C:/Users/austi/Desktop/UnrealEngine Projects/DuckHuntAO/Duck-Hunt-AO/DuckHuntAO/Saved/Config/Windows/Engine.ini]
[2023.12.10-08.29.25:267][  0]LogConfig: Applying CVar settings from Section [ViewDistanceQuality@3] File [C:/Users/austi/Desktop/UnrealEngine Projects/DuckHuntAO/Duck-Hunt-AO/DuckHuntAO/Saved/Config/Windows/Scalability.ini]
[2023.12.10-08.29.25:267][  0]LogConfig: Setting CVar [[r.SkeletalMeshLODBias:0]]
[2023.12.10-08.29.25:267][  0]LogConfig: Setting CVar [[r.ViewDistanceScale:1.0]]
[2023.12.10-08.29.25:268][  0]LogConfig: Applying CVar settings from Section [AntiAliasingQuality@3] File [C:/Users/austi/Desktop/UnrealEngine Projects/DuckHuntAO/Duck-Hunt-AO/DuckHuntAO/Saved/Config/Windows/Scalability.ini]
[2023.12.10-08.29.25:268][  0]LogConfig: Setting CVar [[r.PostProcessAAQuality:4]]
[2023.12.10-08.29.25:268][  0]LogConfig: Applying CVar settings from Section [ShadowQuality@3] File [C:/Users/austi/Desktop/UnrealEngine Projects/DuckHuntAO/Duck-Hunt-AO/DuckHuntAO/Saved/Config/Windows/Scalability.ini]
[2023.12.10-08.29.25:268][  0]LogConfig: Setting CVar [[r.LightFunctionQuality:1]]
[2023.12.10-08.29.25:268][  0]LogConfig: Setting CVar [[r.ShadowQuality:5]]
[2023.12.10-08.29.25:268][  0]LogConfig: Setting CVar [[r.Shadow.CSM.MaxCascades:10]]
[2023.12.10-08.29.25:268][  0]LogConfig: Setting CVar [[r.Shadow.MaxResolution:2048]]
[2023.12.10-08.29.25:268][  0]LogConfig: Setting CVar [[r.Shadow.MaxCSMResolution:2048]]
[2023.12.10-08.29.25:268][  0]LogConfig: Setting CVar [[r.Shadow.RadiusThreshold:0.01]]
[2023.12.10-08.29.25:268][  0]LogConfig: Setting CVar [[r.Shadow.DistanceScale:1.0]]
[2023.12.10-08.29.25:268][  0]LogConfig: Setting CVar [[r.Shadow.CSM.TransitionScale:1.0]]
[2023.12.10-08.29.25:268][  0]LogConfig: Setting CVar [[r.Shadow.PreShadowResolutionFactor:1.0]]
[2023.12.10-08.29.25:268][  0]LogConfig: Setting CVar [[r.DistanceFieldShadowing:1]]
[2023.12.10-08.29.25:268][  0]LogConfig: Setting CVar [[r.DistanceFieldAO:1]]
[2023.12.10-08.29.25:268][  0]LogConfig: Setting CVar [[r.AOQuality:2]]
[2023.12.10-08.29.25:268][  0]LogConfig: Setting CVar [[r.VolumetricFog:1]]
[2023.12.10-08.29.25:268][  0]LogConfig: Setting CVar [[r.VolumetricFog.GridPixelSize:8]]
[2023.12.10-08.29.25:268][  0]LogConfig: Setting CVar [[r.VolumetricFog.GridSizeZ:128]]
[2023.12.10-08.29.25:268][  0]LogConfig: Setting CVar [[r.VolumetricFog.HistoryMissSupersampleCount:4]]
[2023.12.10-08.29.25:268][  0]LogConfig: Setting CVar [[r.LightMaxDrawDistanceScale:1]]
[2023.12.10-08.29.25:268][  0]LogConfig: Setting CVar [[r.CapsuleShadows:1]]
[2023.12.10-08.29.25:268][  0]LogConfig: Applying CVar settings from Section [PostProcessQuality@3] File [C:/Users/austi/Desktop/UnrealEngine Projects/DuckHuntAO/Duck-Hunt-AO/DuckHuntAO/Saved/Config/Windows/Scalability.ini]
[2023.12.10-08.29.25:268][  0]LogConfig: Setting CVar [[r.MotionBlurQuality:4]]
[2023.12.10-08.29.25:268][  0]LogConfig: Setting CVar [[r.AmbientOcclusionMipLevelFactor:0.4]]
[2023.12.10-08.29.25:268][  0]LogConfig: Setting CVar [[r.AmbientOcclusionMaxQuality:100]]
[2023.12.10-08.29.25:268][  0]LogConfig: Setting CVar [[r.AmbientOcclusionLevels:-1]]
[2023.12.10-08.29.25:268][  0]LogConfig: Setting CVar [[r.AmbientOcclusionRadiusScale:1.0]]
[2023.12.10-08.29.25:268][  0]LogConfig: Setting CVar [[r.DepthOfFieldQuality:2]]
[2023.12.10-08.29.25:268][  0]LogConfig: Setting CVar [[r.RenderTargetPoolMin:400]]
[2023.12.10-08.29.25:268][  0]LogConfig: Setting CVar [[r.LensFlareQuality:2]]
[2023.12.10-08.29.25:268][  0]LogConfig: Setting CVar [[r.SceneColorFringeQuality:1]]
[2023.12.10-08.29.25:268][  0]LogConfig: Setting CVar [[r.EyeAdaptationQuality:2]]
[2023.12.10-08.29.25:268][  0]LogConfig: Setting CVar [[r.BloomQuality:5]]
[2023.12.10-08.29.25:268][  0]LogConfig: Setting CVar [[r.FastBlurThreshold:100]]
[2023.12.10-08.29.25:268][  0]LogConfig: Setting CVar [[r.Upscale.Quality:3]]
[2023.12.10-08.29.25:268][  0]LogConfig: Setting CVar [[r.Tonemapper.GrainQuantization:1]]
[2023.12.10-08.29.25:268][  0]LogConfig: Setting CVar [[r.LightShaftQuality:1]]
[2023.12.10-08.29.25:268][  0]LogConfig: Setting CVar [[r.Filter.SizeScale:1]]
[2023.12.10-08.29.25:268][  0]LogConfig: Setting CVar [[r.Tonemapper.Quality:5]]
[2023.12.10-08.29.25:268][  0]LogConfig: Setting CVar [[r.DOF.Gather.AccumulatorQuality:1        ; higher gathering accumulator quality]]
[2023.12.10-08.29.25:268][  0]LogConfig: Setting CVar [[r.DOF.Gather.PostfilterMethod:1          ; Median3x3 postfilering method]]
[2023.12.10-08.29.25:268][  0]LogConfig: Setting CVar [[r.DOF.Gather.EnableBokehSettings:0       ; no bokeh simulation when gathering]]
[2023.12.10-08.29.25:268][  0]LogConfig: Setting CVar [[r.DOF.Gather.RingCount:4                 ; medium number of samples when gathering]]
[2023.12.10-08.29.25:268][  0]LogConfig: Setting CVar [[r.DOF.Scatter.ForegroundCompositing:1    ; additive foreground scattering]]
[2023.12.10-08.29.25:268][  0]LogConfig: Setting CVar [[r.DOF.Scatter.BackgroundCompositing:2    ; additive background scattering]]
[2023.12.10-08.29.25:268][  0]LogConfig: Setting CVar [[r.DOF.Scatter.EnableBokehSettings:1      ; bokeh simulation when scattering]]
[2023.12.10-08.29.25:268][  0]LogConfig: Setting CVar [[r.DOF.Scatter.MaxSpriteRatio:0.1         ; only a maximum of 10% of scattered bokeh]]
[2023.12.10-08.29.25:268][  0]LogConfig: Setting CVar [[r.DOF.Recombine.Quality:1                ; cheap slight out of focus]]
[2023.12.10-08.29.25:268][  0]LogConfig: Setting CVar [[r.DOF.Recombine.EnableBokehSettings:0    ; no bokeh simulation on slight out of focus]]
[2023.12.10-08.29.25:268][  0]LogConfig: Setting CVar [[r.DOF.TemporalAAQuality:1                ; more stable temporal accumulation]]
[2023.12.10-08.29.25:268][  0]LogConfig: Setting CVar [[r.DOF.Kernel.MaxForegroundRadius:0.025]]
[2023.12.10-08.29.25:268][  0]LogConfig: Setting CVar [[r.DOF.Kernel.MaxBackgroundRadius:0.025]]
[2023.12.10-08.29.25:268][  0]LogConfig: Applying CVar settings from Section [TextureQuality@3] File [C:/Users/austi/Desktop/UnrealEngine Projects/DuckHuntAO/Duck-Hunt-AO/DuckHuntAO/Saved/Config/Windows/Scalability.ini]
[2023.12.10-08.29.25:268][  0]LogConfig: Setting CVar [[r.Streaming.MipBias:0]]
[2023.12.10-08.29.25:268][  0]LogConfig: Setting CVar [[r.Streaming.AmortizeCPUToGPUCopy:0]]
[2023.12.10-08.29.25:268][  0]LogConfig: Setting CVar [[r.Streaming.MaxNumTexturesToStreamPerFrame:0]]
[2023.12.10-08.29.25:268][  0]LogConfig: Setting CVar [[r.Streaming.Boost:1]]
[2023.12.10-08.29.25:268][  0]LogConfig: Setting CVar [[r.MaxAnisotropy:8]]
[2023.12.10-08.29.25:268][  0]LogConfig: Setting CVar [[r.VT.MaxAnisotropy:8]]
[2023.12.10-08.29.25:268][  0]LogConfig: Setting CVar [[r.Streaming.LimitPoolSizeToVRAM:0]]
[2023.12.10-08.29.25:268][  0]LogConfig: Setting CVar [[r.Streaming.PoolSize:1000]]
[2023.12.10-08.29.25:269][  0]LogConfig: Setting CVar [[r.Streaming.MaxEffectiveScreenSize:0]]
[2023.12.10-08.29.25:269][  0]LogConfig: Applying CVar settings from Section [EffectsQuality@3] File [C:/Users/austi/Desktop/UnrealEngine Projects/DuckHuntAO/Duck-Hunt-AO/DuckHuntAO/Saved/Config/Windows/Scalability.ini]
[2023.12.10-08.29.25:269][  0]LogConfig: Setting CVar [[r.TranslucencyLightingVolumeDim:64]]
[2023.12.10-08.29.25:269][  0]LogConfig: Setting CVar [[r.RefractionQuality:2]]
[2023.12.10-08.29.25:269][  0]LogConfig: Setting CVar [[r.SSR.Quality:3]]
[2023.12.10-08.29.25:269][  0]LogConfig: Setting CVar [[r.SSR.HalfResSceneColor:0]]
[2023.12.10-08.29.25:269][  0]LogConfig: Setting CVar [[r.SceneColorFormat:4]]
[2023.12.10-08.29.25:269][  0]LogConfig: Setting CVar [[r.DetailMode:2]]
[2023.12.10-08.29.25:269][  0]LogConfig: Setting CVar [[r.TranslucencyVolumeBlur:1]]
[2023.12.10-08.29.25:269][  0]LogConfig: Setting CVar [[r.MaterialQualityLevel:1 ; High quality]]
[2023.12.10-08.29.25:269][  0]LogConfig: Setting CVar [[r.AnisotropicMaterials:1]]
[2023.12.10-08.29.25:269][  0]LogConfig: Setting CVar [[r.SSS.Scale:1]]
[2023.12.10-08.29.25:269][  0]LogConfig: Setting CVar [[r.SSS.SampleSet:2]]
[2023.12.10-08.29.25:269][  0]LogConfig: Setting CVar [[r.SSS.Quality:1]]
[2023.12.10-08.29.25:269][  0]LogConfig: Setting CVar [[r.SSS.HalfRes:0]]
[2023.12.10-08.29.25:269][  0]LogConfig: Setting CVar [[r.SSGI.Quality:3]]
[2023.12.10-08.29.25:269][  0]LogConfig: Setting CVar [[r.EmitterSpawnRateScale:1.0]]
[2023.12.10-08.29.25:269][  0]LogConfig: Setting CVar [[r.ParticleLightQuality:2]]
[2023.12.10-08.29.25:269][  0]LogConfig: Setting CVar [[r.SkyAtmosphere.AerialPerspectiveLUT.FastApplyOnOpaque:1 ; Always have FastSkyLUT 1 in this case to avoid wrong sky]]
[2023.12.10-08.29.25:269][  0]LogConfig: Setting CVar [[r.SkyAtmosphere.AerialPerspectiveLUT.SampleCountMaxPerSlice:4]]
[2023.12.10-08.29.25:269][  0]LogConfig: Setting CVar [[r.SkyAtmosphere.AerialPerspectiveLUT.DepthResolution:16.0]]
[2023.12.10-08.29.25:269][  0]LogConfig: Setting CVar [[r.SkyAtmosphere.FastSkyLUT:1]]
[2023.12.10-08.29.25:269][  0]LogConfig: Setting CVar [[r.SkyAtmosphere.FastSkyLUT.SampleCountMin:4.0]]
[2023.12.10-08.29.25:269][  0]LogConfig: Setting CVar [[r.SkyAtmosphere.FastSkyLUT.SampleCountMax:128.0]]
[2023.12.10-08.29.25:269][  0]LogConfig: Setting CVar [[r.SkyAtmosphere.SampleCountMin:4.0]]
[2023.12.10-08.29.25:269][  0]LogConfig: Setting CVar [[r.SkyAtmosphere.SampleCountMax:128.0]]
[2023.12.10-08.29.25:269][  0]LogConfig: Setting CVar [[r.SkyAtmosphere.TransmittanceLUT.UseSmallFormat:0]]
[2023.12.10-08.29.25:269][  0]LogConfig: Setting CVar [[r.SkyAtmosphere.TransmittanceLUT.SampleCount:10.0]]
[2023.12.10-08.29.25:269][  0]LogConfig: Setting CVar [[r.SkyAtmosphere.MultiScatteringLUT.SampleCount:15.0]]
[2023.12.10-08.29.25:269][  0]LogConfig: Setting CVar [[r.SkyLight.RealTimeReflectionCapture:1]]
[2023.12.10-08.29.25:269][  0]LogConfig: Applying CVar settings from Section [FoliageQuality@3] File [C:/Users/austi/Desktop/UnrealEngine Projects/DuckHuntAO/Duck-Hunt-AO/DuckHuntAO/Saved/Config/Windows/Scalability.ini]
[2023.12.10-08.29.25:269][  0]LogConfig: Setting CVar [[foliage.DensityScale:1.0]]
[2023.12.10-08.29.25:269][  0]LogConfig: Setting CVar [[grass.DensityScale:1.0]]
[2023.12.10-08.29.25:269][  0]LogConfig: Applying CVar settings from Section [ShadingQuality@3] File [C:/Users/austi/Desktop/UnrealEngine Projects/DuckHuntAO/Duck-Hunt-AO/DuckHuntAO/Saved/Config/Windows/Scalability.ini]
[2023.12.10-08.29.25:269][  0]LogConfig: Setting CVar [[r.HairStrands.SkyLighting.IntegrationType:2]]
[2023.12.10-08.29.25:269][  0]LogConfig: Setting CVar [[r.HairStrands.SkyAO.SampleCount:4]]
[2023.12.10-08.29.25:269][  0]LogConfig: Setting CVar [[r.HairStrands.Visibility.MSAA.SamplePerPixel:4]]
[2023.12.10-08.29.25:269][  0]LogInit: Selected Device Profile: [Windows]
[2023.12.10-08.29.25:269][  0]LogInit: Applying CVar settings loaded from the selected device profile: [Windows]
[2023.12.10-08.29.25:269][  0]LogHAL: Display: Platform has ~ 14 GB [14903590912 / 17179869184 / 14], which maps to Larger [LargestMinGB=32, LargerMinGB=12, DefaultMinGB=8, SmallerMinGB=6, SmallestMinGB=0)
[2023.12.10-08.29.25:269][  0]LogInit: Going up to parent DeviceProfile []
[2023.12.10-08.29.25:269][  0]LogConfig: Applying CVar settings from Section [ViewDistanceQuality@0] File [C:/Users/austi/Desktop/UnrealEngine Projects/DuckHuntAO/Duck-Hunt-AO/DuckHuntAO/Saved/Config/Windows/Scalability.ini]
[2023.12.10-08.29.25:269][  0]LogConfig: Setting CVar [[r.SkeletalMeshLODBias:2]]
[2023.12.10-08.29.25:269][  0]LogConfig: Setting CVar [[r.ViewDistanceScale:0.4]]
[2023.12.10-08.29.25:269][  0]LogConfig: Applying CVar settings from Section [AntiAliasingQuality@0] File [C:/Users/austi/Desktop/UnrealEngine Projects/DuckHuntAO/Duck-Hunt-AO/DuckHuntAO/Saved/Config/Windows/Scalability.ini]
[2023.12.10-08.29.25:269][  0]LogConfig: Setting CVar [[r.PostProcessAAQuality:0]]
[2023.12.10-08.29.25:269][  0]LogConfig: Applying CVar settings from Section [ShadowQuality@0] File [C:/Users/austi/Desktop/UnrealEngine Projects/DuckHuntAO/Duck-Hunt-AO/DuckHuntAO/Saved/Config/Windows/Scalability.ini]
[2023.12.10-08.29.25:269][  0]LogConfig: Setting CVar [[r.LightFunctionQuality:0]]
[2023.12.10-08.29.25:269][  0]LogConfig: Setting CVar [[r.ShadowQuality:0]]
[2023.12.10-08.29.25:269][  0]LogConfig: Setting CVar [[r.Shadow.CSM.MaxCascades:1]]
[2023.12.10-08.29.25:269][  0]LogConfig: Setting CVar [[r.Shadow.MaxResolution:512]]
[2023.12.10-08.29.25:269][  0]LogConfig: Setting CVar [[r.Shadow.MaxCSMResolution:512]]
[2023.12.10-08.29.25:269][  0]LogConfig: Setting CVar [[r.Shadow.RadiusThreshold:0.06]]
[2023.12.10-08.29.25:269][  0]LogConfig: Setting CVar [[r.Shadow.DistanceScale:0.6]]
[2023.12.10-08.29.25:269][  0]LogConfig: Setting CVar [[r.Shadow.CSM.TransitionScale:0]]
[2023.12.10-08.29.25:270][  0]LogConfig: Setting CVar [[r.Shadow.PreShadowResolutionFactor:0.5]]
[2023.12.10-08.29.25:270][  0]LogConfig: Setting CVar [[r.DistanceFieldShadowing:0]]
[2023.12.10-08.29.25:270][  0]LogConfig: Setting CVar [[r.DistanceFieldAO:0]]
[2023.12.10-08.29.25:270][  0]LogConfig: Setting CVar [[r.VolumetricFog:0]]
[2023.12.10-08.29.25:270][  0]LogConfig: Setting CVar [[r.LightMaxDrawDistanceScale:0]]
[2023.12.10-08.29.25:270][  0]LogConfig: Setting CVar [[r.CapsuleShadows:0]]
[2023.12.10-08.29.25:270][  0]LogConfig: Applying CVar settings from Section [PostProcessQuality@0] File [C:/Users/austi/Desktop/UnrealEngine Projects/DuckHuntAO/Duck-Hunt-AO/DuckHuntAO/Saved/Config/Windows/Scalability.ini]
[2023.12.10-08.29.25:270][  0]LogConfig: Setting CVar [[r.MotionBlurQuality:0]]
[2023.12.10-08.29.25:270][  0]LogConfig: Setting CVar [[r.AmbientOcclusionMipLevelFactor:1.0]]
[2023.12.10-08.29.25:270][  0]LogConfig: Setting CVar [[r.AmbientOcclusionMaxQuality:0]]
[2023.12.10-08.29.25:270][  0]LogConfig: Setting CVar [[r.AmbientOcclusionLevels:0]]
[2023.12.10-08.29.25:270][  0]LogConfig: Setting CVar [[r.AmbientOcclusionRadiusScale:1.2]]
[2023.12.10-08.29.25:270][  0]LogConfig: Setting CVar [[r.DepthOfFieldQuality:0]]
[2023.12.10-08.29.25:270][  0]LogConfig: Setting CVar [[r.RenderTargetPoolMin:300]]
[2023.12.10-08.29.25:270][  0]LogConfig: Setting CVar [[r.LensFlareQuality:0]]
[2023.12.10-08.29.25:270][  0]LogConfig: Setting CVar [[r.SceneColorFringeQuality:0]]
[2023.12.10-08.29.25:270][  0]LogConfig: Setting CVar [[r.EyeAdaptationQuality:2]]
[2023.12.10-08.29.25:270][  0]LogConfig: Setting CVar [[r.BloomQuality:4]]
[2023.12.10-08.29.25:270][  0]LogConfig: Setting CVar [[r.FastBlurThreshold:0]]
[2023.12.10-08.29.25:270][  0]LogConfig: Setting CVar [[r.Upscale.Quality:1]]
[2023.12.10-08.29.25:270][  0]LogConfig: Setting CVar [[r.Tonemapper.GrainQuantization:0]]
[2023.12.10-08.29.25:270][  0]LogConfig: Setting CVar [[r.LightShaftQuality:0]]
[2023.12.10-08.29.25:270][  0]LogConfig: Setting CVar [[r.Filter.SizeScale:0.6]]
[2023.12.10-08.29.25:270][  0]LogConfig: Setting CVar [[r.Tonemapper.Quality:0]]
[2023.12.10-08.29.25:270][  0]LogConfig: Applying CVar settings from Section [TextureQuality@0] File [C:/Users/austi/Desktop/UnrealEngine Projects/DuckHuntAO/Duck-Hunt-AO/DuckHuntAO/Saved/Config/Windows/Scalability.ini]
[2023.12.10-08.29.25:270][  0]LogConfig: Setting CVar [[r.Streaming.MipBias:16]]
[2023.12.10-08.29.25:270][  0]LogConfig: Setting CVar [[r.Streaming.AmortizeCPUToGPUCopy:1]]
[2023.12.10-08.29.25:270][  0]LogConfig: Setting CVar [[r.Streaming.MaxNumTexturesToStreamPerFrame:1]]
[2023.12.10-08.29.25:270][  0]LogConfig: Setting CVar [[r.Streaming.Boost:0.3]]
[2023.12.10-08.29.25:270][  0]LogConfig: Setting CVar [[r.MaxAnisotropy:0]]
[2023.12.10-08.29.25:270][  0]LogConfig: Setting CVar [[r.VT.MaxAnisotropy:4]]
[2023.12.10-08.29.25:270][  0]LogConfig: Setting CVar [[r.Streaming.LimitPoolSizeToVRAM:1]]
[2023.12.10-08.29.25:270][  0]LogConfig: Setting CVar [[r.Streaming.PoolSize:400]]
[2023.12.10-08.29.25:270][  0]LogConfig: Setting CVar [[r.Streaming.MaxEffectiveScreenSize:0]]
[2023.12.10-08.29.25:270][  0]LogConfig: Applying CVar settings from Section [EffectsQuality@0] File [C:/Users/austi/Desktop/UnrealEngine Projects/DuckHuntAO/Duck-Hunt-AO/DuckHuntAO/Saved/Config/Windows/Scalability.ini]
[2023.12.10-08.29.25:270][  0]LogConfig: Setting CVar [[r.TranslucencyLightingVolumeDim:24]]
[2023.12.10-08.29.25:270][  0]LogConfig: Setting CVar [[r.RefractionQuality:0]]
[2023.12.10-08.29.25:270][  0]LogConfig: Setting CVar [[r.SSR.Quality:0]]
[2023.12.10-08.29.25:270][  0]LogConfig: Setting CVar [[r.SSR.HalfResSceneColor:1]]
[2023.12.10-08.29.25:270][  0]LogConfig: Setting CVar [[r.SceneColorFormat:3]]
[2023.12.10-08.29.25:270][  0]LogConfig: Setting CVar [[r.DetailMode:0]]
[2023.12.10-08.29.25:270][  0]LogConfig: Setting CVar [[r.TranslucencyVolumeBlur:0]]
[2023.12.10-08.29.25:270][  0]LogConfig: Setting CVar [[r.MaterialQualityLevel:0 ; Low quality]]
[2023.12.10-08.29.25:270][  0]LogConfig: Setting CVar [[r.AnisotropicMaterials:0]]
[2023.12.10-08.29.25:270][  0]LogConfig: Setting CVar [[r.SSS.Scale:0]]
[2023.12.10-08.29.25:270][  0]LogConfig: Setting CVar [[r.SSS.SampleSet:0]]
[2023.12.10-08.29.25:270][  0]LogConfig: Setting CVar [[r.SSS.Quality:0]]
[2023.12.10-08.29.25:270][  0]LogConfig: Setting CVar [[r.SSS.HalfRes:1]]
[2023.12.10-08.29.25:270][  0]LogConfig: Setting CVar [[r.SSGI.Quality:0]]
[2023.12.10-08.29.25:270][  0]LogConfig: Setting CVar [[r.EmitterSpawnRateScale:0.125]]
[2023.12.10-08.29.25:270][  0]LogConfig: Setting CVar [[r.ParticleLightQuality:0]]
[2023.12.10-08.29.25:270][  0]LogConfig: Setting CVar [[r.SkyAtmosphere.AerialPerspectiveLUT.FastApplyOnOpaque:1 ; Always have FastSkyLUT 1 in this case to avoid wrong sky]]
[2023.12.10-08.29.25:270][  0]LogConfig: Setting CVar [[r.SkyAtmosphere.AerialPerspectiveLUT.SampleCountMaxPerSlice:1]]
[2023.12.10-08.29.25:270][  0]LogConfig: Setting CVar [[r.SkyAtmosphere.AerialPerspectiveLUT.DepthResolution:8.0]]
[2023.12.10-08.29.25:270][  0]LogConfig: Setting CVar [[r.SkyAtmosphere.FastSkyLUT:1]]
[2023.12.10-08.29.25:270][  0]LogConfig: Setting CVar [[r.SkyAtmosphere.FastSkyLUT.SampleCountMin:2.0]]
[2023.12.10-08.29.25:270][  0]LogConfig: Setting CVar [[r.SkyAtmosphere.FastSkyLUT.SampleCountMax:16.0]]
[2023.12.10-08.29.25:270][  0]LogConfig: Setting CVar [[r.SkyAtmosphere.SampleCountMin:2.0]]
[2023.12.10-08.29.25:270][  0]LogConfig: Setting CVar [[r.SkyAtmosphere.SampleCountMax:16.0]]
[2023.12.10-08.29.25:270][  0]LogConfig: Setting CVar [[r.SkyAtmosphere.TransmittanceLUT.UseSmallFormat:1]]
[2023.12.10-08.29.25:270][  0]LogConfig: Setting CVar [[r.SkyAtmosphere.TransmittanceLUT.SampleCount:10.0]]
[2023.12.10-08.29.25:271][  0]LogConfig: Setting CVar [[r.SkyAtmosphere.MultiScatteringLUT.SampleCount:15.0]]
[2023.12.10-08.29.25:271][  0]LogConfig: Setting CVar [[r.SkyLight.RealTimeReflectionCapture:0]]
[2023.12.10-08.29.25:271][  0]LogConfig: Applying CVar settings from Section [FoliageQuality@0] File [C:/Users/austi/Desktop/UnrealEngine Projects/DuckHuntAO/Duck-Hunt-AO/DuckHuntAO/Saved/Config/Windows/Scalability.ini]
[2023.12.10-08.29.25:271][  0]LogConfig: Setting CVar [[foliage.DensityScale:0]]
[2023.12.10-08.29.25:271][  0]LogConfig: Setting CVar [[grass.DensityScale:0]]
[2023.12.10-08.29.25:271][  0]LogConfig: Applying CVar settings from Section [ShadingQuality@0] File [C:/Users/austi/Desktop/UnrealEngine Projects/DuckHuntAO/Duck-Hunt-AO/DuckHuntAO/Saved/Config/Windows/Scalability.ini]
[2023.12.10-08.29.25:271][  0]LogConfig: Setting CVar [[r.HairStrands.SkyLighting.IntegrationType:2]]
[2023.12.10-08.29.25:271][  0]LogConfig: Setting CVar [[r.HairStrands.SkyAO.SampleCount:4]]
[2023.12.10-08.29.25:271][  0]LogConfig: Setting CVar [[r.HairStrands.Visibility.MSAA.SamplePerPixel:1]]
[2023.12.10-08.29.25:271][  0]LogConfig: Applying CVar settings from Section [Startup] File [../../../Engine/Config/ConsoleVariables.ini]
[2023.12.10-08.29.25:271][  0]LogConfig: Setting CVar [[net.UseAdaptiveNetUpdateFrequency:0]]
[2023.12.10-08.29.25:271][  0]LogConfig: Setting CVar [[p.chaos.AllowCreatePhysxBodies:1]]
[2023.12.10-08.29.25:271][  0]LogConfig: Setting CVar [[fx.SkipVectorVMBackendOptimizations:1]]
[2023.12.10-08.29.25:271][  0]LogConfig: Applying CVar settings from Section [ConsoleVariables] File [C:/Users/austi/Desktop/UnrealEngine Projects/DuckHuntAO/Duck-Hunt-AO/DuckHuntAO/Saved/Config/Windows/Engine.ini]
[2023.12.10-08.29.25:271][  0]LogConfig: Applying CVar settings from Section [ConsoleVariables] File [C:/Users/austi/Desktop/UnrealEngine Projects/DuckHuntAO/Duck-Hunt-AO/DuckHuntAO/Saved/Config/Windows/Editor.ini]
[2023.12.10-08.29.25:271][  0]LogInit: Computer: LAPTOP-FTPKFAPU
[2023.12.10-08.29.25:271][  0]LogInit: User: austi
[2023.12.10-08.29.25:271][  0]LogInit: CPU Page size=4096, Cores=4
[2023.12.10-08.29.25:271][  0]LogInit: High frequency timer resolution =10.000000 MHz
[2023.12.10-08.29.25:271][  0]LogMemory: Memory total: Physical=13.9GB (14GB approx)
[2023.12.10-08.29.25:271][  0]LogMemory: Platform Memory Stats for Windows
[2023.12.10-08.29.25:271][  0]LogMemory: Process Physical Memory: 146.61 MB used, 146.61 MB peak
[2023.12.10-08.29.25:271][  0]LogMemory: Process Virtual Memory: 130.52 MB used, 130.52 MB peak
[2023.12.10-08.29.25:271][  0]LogMemory: Physical Memory: 8337.75 MB used,  5875.42 MB free, 14213.17 MB total
[2023.12.10-08.29.25:271][  0]LogMemory: Virtual Memory: 134208616.00 MB used,  9114.40 MB free, 134217728.00 MB total
[2023.12.10-08.29.25:279][  0]LogWindows: WindowsPlatformFeatures enabled
[2023.12.10-08.29.25:336][  0]LogInit: Physics initialised using underlying interface: PhysX
[2023.12.10-08.29.25:337][  0]LogInit: Using OS detected language (en-US).
[2023.12.10-08.29.25:337][  0]LogInit: Using OS detected locale (en-US).
[2023.12.10-08.29.25:340][  0]LogTextLocalizationManager: No specific localization for 'en-US' exists, so the 'en' localization will be used.
[2023.12.10-08.29.25:631][  0]LogInit: Setting process to per monitor DPI aware
[2023.12.10-08.29.25:649][  0]LogWindowsTextInputMethodSystem: Display: IME system deactivated.
[2023.12.10-08.29.25:674][  0]LogSlate: New Slate User Created.  User Index 0, Is Virtual User: 0
[2023.12.10-08.29.25:675][  0]LogSlate: Slate User Registered.  User Index 0, Is Virtual User: 0
[2023.12.10-08.29.25:986][  0]LogD3D11RHI: Loaded GFSDK_Aftermath_Lib.x64.dll
[2023.12.10-08.29.26:039][  0]LogHMD: Failed to initialize OpenVR with code 110
[2023.12.10-08.29.26:040][  0]LogD3D11RHI: D3D11 min allowed feature level: 11_0
[2023.12.10-08.29.26:040][  0]LogD3D11RHI: D3D11 max allowed feature level: 11_0
[2023.12.10-08.29.26:040][  0]LogD3D11RHI: D3D11 adapters:
[2023.12.10-08.29.26:192][  0]LogD3D11RHI:    0. 'NVIDIA GeForce GTX 1050' (Feature Level 11_0)
[2023.12.10-08.29.26:192][  0]LogD3D11RHI:       2995/0/7106 MB DedicatedVideo/DedicatedSystem/SharedSystem, Outputs:1, VendorId:0x10de
[2023.12.10-08.29.26:252][  0]LogD3D11RHI:    1. 'AMD Radeon(TM) Vega 8 Graphics' (Feature Level 11_0)
[2023.12.10-08.29.26:252][  0]LogD3D11RHI:       2033/0/7106 MB DedicatedVideo/DedicatedSystem/SharedSystem, Outputs:0, VendorId:0x1002
[2023.12.10-08.29.26:255][  0]LogD3D11RHI:    2. 'Microsoft Basic Render Driver' (Feature Level 11_0)
[2023.12.10-08.29.26:255][  0]LogD3D11RHI:       0/0/7106 MB DedicatedVideo/DedicatedSystem/SharedSystem, Outputs:0, VendorId:0x1414
[2023.12.10-08.29.26:255][  0]LogD3D11RHI: Chosen D3D11 Adapter:
[2023.12.10-08.29.26:255][  0]LogD3D11RHI:     Description : NVIDIA GeForce GTX 1050
[2023.12.10-08.29.26:255][  0]LogD3D11RHI:     VendorId    : 10de
[2023.12.10-08.29.26:255][  0]LogD3D11RHI:     DeviceId    : 1c91
[2023.12.10-08.29.26:255][  0]LogD3D11RHI:     SubSysId    : 86d4103c
[2023.12.10-08.29.26:255][  0]LogD3D11RHI:     Revision    : 00a1
[2023.12.10-08.29.26:255][  0]LogD3D11RHI:     DedicatedVideoMemory : 3140485120 bytes
[2023.12.10-08.29.26:255][  0]LogD3D11RHI:     DedicatedSystemMemory : 0 bytes
[2023.12.10-08.29.26:255][  0]LogD3D11RHI:     SharedSystemMemory : 7451795456 bytes
[2023.12.10-08.29.26:255][  0]LogD3D11RHI:     AdapterLuid : 0 70352
[2023.12.10-08.29.26:264][  0]LogD3D11RHI: Creating new Direct3DDevice
[2023.12.10-08.29.26:264][  0]LogD3D11RHI:     GPU DeviceId: 0x1c91 (for the marketing name, search the web for "GPU Device Id")
[2023.12.10-08.29.26:264][  0]LogWindows: EnumDisplayDevices:
[2023.12.10-08.29.26:264][  0]LogWindows:    0. 'AMD Radeon(TM) Vega 8 Graphics' (P:1 D:1)
[2023.12.10-08.29.26:265][  0]LogWindows:    1. 'AMD Radeon(TM) Vega 8 Graphics' (P:0 D:0)
[2023.12.10-08.29.26:265][  0]LogWindows:    2. 'AMD Radeon(TM) Vega 8 Graphics' (P:0 D:0)
[2023.12.10-08.29.26:265][  0]LogWindows:    3. 'AMD Radeon(TM) Vega 8 Graphics' (P:0 D:0)
[2023.12.10-08.29.26:266][  0]LogWindows:    4. 'NVIDIA GeForce GTX 1050' (P:0 D:0)
[2023.12.10-08.29.26:266][  0]LogWindows: DebugString: PrimaryIsNotTheChoosenAdapter PrimaryIsNotTheChoosenAdapter PrimaryIsNotTheChoosenAdapter PrimaryIsNotTheChoosenAdapter 
[2023.12.10-08.29.26:266][  0]LogD3D11RHI:     Adapter Name: NVIDIA GeForce GTX 1050
[2023.12.10-08.29.26:266][  0]LogD3D11RHI:   Driver Version: 537.13 (internal:31.0.15.3713, unified:537.13)
[2023.12.10-08.29.26:266][  0]LogD3D11RHI:      Driver Date: 8-14-2023
[2023.12.10-08.29.26:266][  0]LogRHI: Texture pool is 2096 MB (70% of 2995 MB)
[2023.12.10-08.29.26:266][  0]LogD3D11RHI: Creating D3DDevice using adapter:
[2023.12.10-08.29.26:266][  0]LogD3D11RHI:     Description : NVIDIA GeForce GTX 1050
[2023.12.10-08.29.26:266][  0]LogD3D11RHI:     VendorId    : 10de
[2023.12.10-08.29.26:266][  0]LogD3D11RHI:     DeviceId    : 1c91
[2023.12.10-08.29.26:266][  0]LogD3D11RHI:     SubSysId    : 86d4103c
[2023.12.10-08.29.26:266][  0]LogD3D11RHI:     Revision    : 00a1
[2023.12.10-08.29.26:266][  0]LogD3D11RHI:     DedicatedVideoMemory : 3140485120 bytes
[2023.12.10-08.29.26:266][  0]LogD3D11RHI:     DedicatedSystemMemory : 0 bytes
[2023.12.10-08.29.26:266][  0]LogD3D11RHI:     SharedSystemMemory : 7451795456 bytes
[2023.12.10-08.29.26:266][  0]LogD3D11RHI:     AdapterLuid : 0 70352
[2023.12.10-08.29.26:383][  0]LogD3D11RHI: RHI has support for 64 bit atomics
[2023.12.10-08.29.26:383][  0]LogD3D11RHI: Async texture creation enabled
[2023.12.10-08.29.26:383][  0]LogD3D11RHI: Array index from any shader is supported
[2023.12.10-08.29.26:409][  0]LogD3D11RHI: GPU Timing Frequency: 1000.000000 (Debug: 2 1)
[2023.12.10-08.29.26:451][  0]LogRHI: GeForceNow SDK initialized: 1
[2023.12.10-08.29.26:833][  0]LogTargetPlatformManager: Display: Loaded TargetPlatform 'AllDesktop'
[2023.12.10-08.29.26:862][  0]LogTargetPlatformManager: Display: Loaded TargetPlatform 'Android'
[2023.12.10-08.29.26:862][  0]LogTargetPlatformManager: Display: Loaded TargetPlatform 'Android_ASTC'
[2023.12.10-08.29.26:862][  0]LogTargetPlatformManager: Display: Loaded TargetPlatform 'Android_DXT'
[2023.12.10-08.29.26:862][  0]LogTargetPlatformManager: Display: Loaded TargetPlatform 'Android_ETC2'
[2023.12.10-08.29.26:862][  0]LogTargetPlatformManager: Display: Loaded TargetPlatform 'AndroidClient'
[2023.12.10-08.29.26:862][  0]LogTargetPlatformManager: Display: Loaded TargetPlatform 'Android_ASTCClient'
[2023.12.10-08.29.26:862][  0]LogTargetPlatformManager: Display: Loaded TargetPlatform 'Android_DXTClient'
[2023.12.10-08.29.26:862][  0]LogTargetPlatformManager: Display: Loaded TargetPlatform 'Android_ETC2Client'
[2023.12.10-08.29.26:862][  0]LogTargetPlatformManager: Display: Loaded TargetPlatform 'Android_Multi'
[2023.12.10-08.29.26:862][  0]LogTargetPlatformManager: Display: Loaded TargetPlatform 'Android_MultiClient'
[2023.12.10-08.29.26:889][  0]LogTargetPlatformManager: Display: Loaded TargetPlatform 'IOSClient'
[2023.12.10-08.29.26:889][  0]LogTargetPlatformManager: Display: Loaded TargetPlatform 'IOS'
[2023.12.10-08.29.26:902][  0]LogTargetPlatformManager: Display: Loaded TargetPlatform 'Linux'
[2023.12.10-08.29.26:911][  0]LogTargetPlatformManager: Display: Loaded TargetPlatform 'LinuxNoEditor'
[2023.12.10-08.29.26:918][  0]LogTargetPlatformManager: Display: Loaded TargetPlatform 'LinuxClient'
[2023.12.10-08.29.26:925][  0]LogTargetPlatformManager: Display: Loaded TargetPlatform 'LinuxServer'
[2023.12.10-08.29.26:938][  0]LogTargetPlatformManager: Display: Loaded TargetPlatform 'LinuxAArch64NoEditor'
[2023.12.10-08.29.26:945][  0]LogTargetPlatformManager: Display: Loaded TargetPlatform 'LinuxAArch64Client'
[2023.12.10-08.29.26:951][  0]LogTargetPlatformManager: Display: Loaded TargetPlatform 'LinuxAArch64Server'
[2023.12.10-08.29.26:985][  0]LogTargetPlatformManager: Display: Loaded TargetPlatform 'Lumin'
[2023.12.10-08.29.26:985][  0]LogTargetPlatformManager: Display: Loaded TargetPlatform 'LuminClient'
[2023.12.10-08.29.27:001][  0]LogTargetPlatformManager: Display: Loaded TargetPlatform 'MacNoEditor'
[2023.12.10-08.29.27:007][  0]LogTargetPlatformManager: Display: Loaded TargetPlatform 'Mac'
[2023.12.10-08.29.27:013][  0]LogTargetPlatformManager: Display: Loaded TargetPlatform 'MacClient'
[2023.12.10-08.29.27:020][  0]LogTargetPlatformManager: Display: Loaded TargetPlatform 'MacServer'
[2023.12.10-08.29.27:033][  0]LogTargetPlatformManager: Display: Loaded TargetPlatform 'TVOSClient'
[2023.12.10-08.29.27:033][  0]LogTargetPlatformManager: Display: Loaded TargetPlatform 'TVOS'
[2023.12.10-08.29.27:048][  0]LogTargetPlatformManager: Display: Loaded TargetPlatform 'WindowsNoEditor'
[2023.12.10-08.29.27:054][  0]LogTargetPlatformManager: Display: Loaded TargetPlatform 'Windows'
[2023.12.10-08.29.27:059][  0]LogTargetPlatformManager: Display: Loaded TargetPlatform 'WindowsClient'
[2023.12.10-08.29.27:066][  0]LogTargetPlatformManager: Display: Loaded TargetPlatform 'WindowsServer'
[2023.12.10-08.29.27:066][  0]LogTargetPlatformManager: Display: Building Assets For Windows
[2023.12.10-08.29.27:077][  0]LogAudioDebug: Display: Lib vorbis DLL was dynamically loaded.
[2023.12.10-08.29.27:120][  0]LogTextureFormatOodle: Display: Oodle Texture 2.9.0 init RDO Off
[2023.12.10-08.29.27:167][  0]LogRendererCore: Ray tracing is disabled. Reason: r.RayTracing=0.
[2023.12.10-08.29.27:167][  0]LogShaderCompilers: Guid format shader working directory is -34 characters bigger than the processId version (C:/Users/austi/Desktop/UnrealEngine Projects/DuckHuntAO/Duck-Hunt-AO/DuckHuntAO/Intermediate/Shaders/WorkingDirectory/20108/).
[2023.12.10-08.29.27:168][  0]LogShaderCompilers: Cleaned the shader compiler working directory 'C:/Users/austi/AppData/Local/Temp/UnrealShaderWorkingDir/8EE5532A49450AE1806458BE1BF92104/'.
[2023.12.10-08.29.27:168][  0]LogXGEController: Cannot use XGE Controller as Incredibuild is not installed on this machine.
[2023.12.10-08.29.27:168][  0]LogShaderCompilers: Cannot use XGE Shader Compiler as Incredibuild is not installed on this machine.
[2023.12.10-08.29.27:168][  0]LogShaderCompilers: Display: Using Local Shader Compiler.
[2023.12.10-08.29.28:264][  0]LogDerivedDataCache: Display: Max Cache Size: 512 MB
[2023.12.10-08.29.28:338][  0]LogDerivedDataCache: Loaded boot cache 0.07s 94MB C:/Users/austi/AppData/Local/UnrealEngine/4.27/DerivedDataCache/Boot.ddc.
[2023.12.10-08.29.28:338][  0]LogDerivedDataCache: Display: Loaded Boot cache: C:/Users/austi/AppData/Local/UnrealEngine/4.27/DerivedDataCache/Boot.ddc
[2023.12.10-08.29.28:338][  0]LogDerivedDataCache: FDerivedDataBackendGraph:  Pak pak cache file C:/Users/austi/Desktop/UnrealEngine Projects/DuckHuntAO/Duck-Hunt-AO/DuckHuntAO/DerivedDataCache/DDC.ddp not found, will not use a pak cache.
[2023.12.10-08.29.28:339][  0]LogDerivedDataCache: Unable to find inner node Pak for hierarchical cache Hierarchy.
[2023.12.10-08.29.28:339][  0]LogDerivedDataCache: FDerivedDataBackendGraph:  CompressedPak pak cache file C:/Users/austi/Desktop/UnrealEngine Projects/DuckHuntAO/Duck-Hunt-AO/DuckHuntAO/DerivedDataCache/Compressed.ddp not found, will not use a pak cache.
[2023.12.10-08.29.28:339][  0]LogDerivedDataCache: Unable to find inner node CompressedPak for hierarchical cache Hierarchy.
[2023.12.10-08.29.28:364][  0]LogDerivedDataCache: Display: Pak cache opened for reading ../../../Engine/DerivedDataCache/Compressed.ddp.
[2023.12.10-08.29.28:364][  0]LogDerivedDataCache: FDerivedDataBackendGraph:  EnterprisePak pak cache file ../../../Enterprise/DerivedDataCache/Compressed.ddp not found, will not use a pak cache.
[2023.12.10-08.29.28:364][  0]LogDerivedDataCache: Unable to find inner node EnterprisePak for hierarchical cache Hierarchy.
[2023.12.10-08.29.28:391][  0]LogDerivedDataCache: Speed tests for C:/Users/austi/AppData/Local/UnrealEngine/Common/DerivedDataCache took 0.03 seconds
[2023.12.10-08.29.28:391][  0]LogDerivedDataCache: Display: Performance to C:/Users/austi/AppData/Local/UnrealEngine/Common/DerivedDataCache: Latency=0.05ms. RandomReadSpeed=827.86MBs, RandomWriteSpeed=36.00MBs. Assigned SpeedClass 'Local'
[2023.12.10-08.29.28:392][  0]LogDerivedDataCache: Using Local data cache path C:/Users/austi/AppData/Local/UnrealEngine/Common/DerivedDataCache: Writable
[2023.12.10-08.29.28:393][  0]LogDerivedDataCache: Shared data cache path not found in *engine.ini, will not use an Shared cache.
[2023.12.10-08.29.28:393][  0]LogDerivedDataCache: Unable to find inner node Shared for hierarchical cache Hierarchy.
[2023.12.10-08.29.28:474][  0]LogSlate: Using FreeType 2.10.0
[2023.12.10-08.29.28:476][  0]LogSlate: SlateFontServices - WITH_FREETYPE: 1, WITH_HARFBUZZ: 1
[2023.12.10-08.29.28:513][  0]LogAssetRegistry: FAssetRegistry took 0.0040 seconds to start up
[2023.12.10-08.29.28:871][  0]LogInit: Selected Device Profile: [Windows]
[2023.12.10-08.29.28:871][  0]LogInit: Active device profile: [000001FB643C6F00][000001FB617FD2C0 49] Windows
[2023.12.10-08.29.28:871][  0]LogInit: Profiles: [000001FB643C6F00][000001FB617FD2C0 49] Windows, [000001FB64349300][000001FB6181D440 49] WindowsNoEditor, [000001FB643C5300][000001FB618215C0 49] WindowsServer, [000001FB6434A800][000001FB61829740 49] WindowsClient, [000001FB643C6700][000001FB5885F8C0 49] IOS, [000001FB64349B00][000001FB63975A40 49] iPadAir, [000001FB643C5A00][000001FB63979BC0 49] iPadAir2, [000001FB64127700][000001FB63980300 49] IPadPro, [000001FB64127800][000001FB6397C340 49] iPadAir3, [000001FB643C6200][000001FB639844C0 49] iPadAir4, [000001FB64125800][000001FB63988640 49] iPadMini2, [000001FB643C5D00][000001FB6398C7C0 49] iPadMini3, [000001FB64126200][000001FB63990940 49] iPadMini4, [000001FB643C4D00][000001FB63994AC0 49] iPadMini5, [000001FB6416F000][000001FB63998D00 49] iPhone6, [000001FB6416F100][000001FB61800D40 49] iPodTouch6, [000001FB64124900][000001FB639A0F80 49] iPhone7, [000001FB64124700][000001FB6399CFC0 49] iPodTouch7, [000001FB6416D700][000001FB639A9140 49] iPhone5S, [000001FB64127200][000001FB639AD2C0 49] iPhone6Plus, [000001FB6416E300][000001FB639B1440 49] iPhone6S, [000001FB64125200][000001FB639B55C0 49] iPhone6SPlus, [000001FB6416DD00][000001FB639B9740 49] iPhone7Plus, [000001FB64124200][000001FB639BD8C0 49] iPhoneSE, [000001FB6416E500][000001FB639C1A40 49] iPhone8, [000001FB64126100][000001FB639C5BC0 49] iPhone8Plus, [000001FB6416E200][000001FB639C81C0 49] iPhoneX, [000001FB64127500][000001FB63A2E340 49] iPhoneXS, [000001FB6416D400][000001FB63A324C0 49] iPhoneXSMax, [000001FB64124600][000001FB63A36640 49] iPhoneXR, [000001FB6416C100][000001FB63A3A7C0 49] iPhone11, [000001FB64127F00][000001FB63A3E940 49] iPhone11Pro, [000001FB6416F400][000001FB63A42AC0 49] iPhone11ProMax, [000001FB64124E00][000001FB63A46C40 49] iPhoneSE2, [000001FB6416E900][000001FB639A4D80 49] iPhone12Mini, [000001FB64126D00][000001FB63A4AEC0 49] iPhone12, [000001FB6416EA00][000001FB63A4F000 49] iPhone12Pro, [000001FB64125000][000001FB63A53140 49] iPhone12ProMax, [000001FB6416E000][000001FB63A5B2C0 49] iPadPro105, [000001FB64124300][000001FB63A5F440 49] iPadPro129, [000001FB6416CC00][000001FB63A635C0 49] iPadPro97, [000001FB64127B00][000001FB63A67740 49] iPadPro2_129, [000001FB6416FE00][000001FB63A6B8C0 49] iPad5, [000001FB64125D00][000001FB63A6FA40 49] iPad6, [000001FB6416D600][000001FB63A73BC0 49] iPad7, [000001FB64126A00][000001FB63A761C0 49] iPad8, [000001FB6416EE00][000001FB63A7A340 49] iPadPro11, [000001FB64124C00][000001FB63A7E4C0 49] iPadPro2_11, [000001FB6416DE00][000001FB63A82640 49] iPadPro3_129, [000001FB64125B00][000001FB63A867C0 49] iPadPro4_129, [000001FB6416C300][000001FB63A8A940 49] AppleTV, [000001FB64126B00][000001FB58866AC0 49] AppleTV4K, [000001FB6416F600][000001FB5886AC40 49] TVOS, [000001FB645D8C00][000001FB5886EDC0 49] Mac, [000001FB64348C00][000001FB58872F40 49] MacClient, [000001FB645D9900][000001FB63A57080 49] MacNoEditor, [000001FB64348A00][000001FB588771C0 49] MacServer, [000001FB645D8D00][000001FB5887B300 49] Linux, [000001FB6434AC00][000001FB58883480 49] LinuxAArch64, [000001FB645D8300][000001FB58887600 49] LinuxNoEditor, [000001FB6434B400][000001FB5888B780 49] LinuxAArch64NoEditor, [000001FB645D9000][000001FB5888F900 49] LinuxClient, [000001FB64348800][000001FB58893A80 49] LinuxAArch64Client, [000001FB645D9B00][000001FB58897C00 49] LinuxServer, [000001FB6434A300][000001FB5889A200 49] LinuxAArch64Server, [000001FB645D8200][000001FB5889E380 49] Android, [000001FB64349200][000001FB588A2500 49] Android_Low, [000001FB645D9300][000001FB588A6680 49] Android_Mid, [000001FB64348F00][000001FB588AA800 49] Android_High, [000001FB645D8700][000001FB588AE980 49] Android_Default, [000001FB6434A200][000001FB588B2B00 49] Android_Adreno4xx, [000001FB6416C500][000001FB588B6C80 49] Android_Adreno5xx_Low, [000001FB64124F00][000001FB588BAE00 49] Android_Adreno5xx, [000001FB6416DB00][000001FB588BEF80 49] Android_Adreno6xx, [000001FB64126F00][000001FB588C3100 49] Android_Adreno6xx_Vulkan, [000001FB6416E400][000001FB5887F240 49] Android_Mali_T6xx, [000001FB64127000][000001FB588C7380 49] Android_Mali_T7xx, [000001FB6416D000][000001FB584494C0 49] Android_Mali_T8xx, [000001FB64126000][000001FB58451640 49] Android_Mali_G71, [000001FB6416FF00][000001FB584557C0 49] Android_Mali_G72, [000001FB64125900][000001FB58459940 49] Android_Mali_G72_Vulkan, [000001FB6416E100][000001FB5845DAC0 49] Android_Mali_G76, [000001FB64126500][000001FB584600C0 49] Android_Mali_G76_Vulkan, [000001FB6416F900][000001FB58464240 49] Android_Mali_G77, [000001FB64125400][000001FB584683C0 49] Android_Mali_G77_Vulkan, [000001FB6416DA00][000001FB5846C540 49] Android_Mali_G78, [000001FB64126400][000001FB584706C0 49] Android_Mali_G78_Vulkan, [000001FB6416F500][000001FB58474840 49] Android_Mali_G710, [000001FB64125C00][000001FB584789C0 49] Android_Mali_G710_Vulkan, [000001FB6416EB00][000001FB5847CB40 49] Android_Vulkan_SM5, [000001FB64127D00][000001FB58480CC0 49] Android_PowerVR_G6xxx, [000001FB645D8600][000001FB58484E40 49] Android_PowerVR_GT7xxx, [000001FB64127900][000001FB58488FC0 49] Android_PowerVR_GE8xxx, [000001FB645D9700][000001FB5848D140 49] Android_PowerVR_GM9xxx, [000001FB64126C00][000001FB584912C0 49] Android_PowerVR_GM9xxx_Vulkan, [000001FB645D9800][000001FB5844D400 49] Android_TegraK1, [000001FB64127E00][000001FB58495540 49] Android_Unknown_Vulkan, [000001FB645D9D00][000001FB58499680 49] Lumin, [000001FB64124400][000001FB5849D7C0 49] Lumin_Desktop, [000001FB645D8F00][000001FB584A5940 49] HoloLens, 
[2023.12.10-08.29.29:038][  0]LogMeshReduction: Using QuadricMeshReduction for automatic static mesh reduction
[2023.12.10-08.29.29:038][  0]LogMeshReduction: Using SimplygonMeshReduction for automatic skeletal mesh reduction
[2023.12.10-08.29.29:038][  0]LogMeshReduction: Using ProxyLODMeshReduction for automatic mesh merging
[2023.12.10-08.29.29:038][  0]LogMeshReduction: No distributed automatic mesh merging module available
[2023.12.10-08.29.29:038][  0]LogMeshMerging: No distributed automatic mesh merging module available
[2023.12.10-08.29.29:062][  0]LogNetVersion: DuckHuntAO 1.0.0, NetCL: 17155196, EngineNetVer: 17, GameNetVer: 0 (Checksum: 104274883)
[2023.12.10-08.29.29:632][  0]LogTexture: Default maximum texture size for cubemaps generated from long-lat sources has been changed from 512 to unlimited. In order to preserve old behaiour for '/Engine/MapTemplates/Sky/DaylightAmbientCubemap.DaylightAmbientCubemap', its maximum texture size has been explicitly set to 512.
[2023.12.10-08.29.29:713][  0]LogHMD: PokeAHoleMaterial loaded successfully
[2023.12.10-08.29.29:720][  0]LogUObjectArray: 17178 objects as part of root set at end of initial load.
[2023.12.10-08.29.29:720][  0]LogUObjectAllocator: 4302048 out of 0 bytes used by permanent object pool.
[2023.12.10-08.29.29:721][  0]LogUObjectArray: CloseDisregardForGC: 0/0 objects in disregard for GC pool
[2023.12.10-08.29.29:945][  0]LogNiagaraDebuggerClient: Niagara Debugger Client Initialized | Session: 9D34C88A4E687AF4AE6E8BA15E1EC19A | Instance: 433971A14128CD4C270261AD4B02CE9A (LAPTOP-FTPKFAPU-20108).
[2023.12.10-08.29.29:999][  0]LogPython: Using Python 3.7.7
[2023.12.10-08.29.30:801][  0]LogTcpMessaging: Initializing TcpMessaging bridge
[2023.12.10-08.29.30:811][  0]LogUdpMessaging: Initializing bridge on interface 0.0.0.0:0 to multicast group 230.0.0.1:6666.
[2023.12.10-08.29.31:553][  0]LogOpenImageDenoise: OIDN starting up
[2023.12.10-08.29.31:583][  0]SourceControl: Source control is disabled
[2023.12.10-08.29.31:583][  0]SourceControl: Source control is disabled
[2023.12.10-08.29.31:589][  0]SourceControl: Source control is disabled
[2023.12.10-08.29.31:593][  0]SourceControl: Source control is disabled
[2023.12.10-08.29.31:607][  0]SourceControl: Source control is disabled
[2023.12.10-08.29.31:616][  0]LogUProjectInfo: Found projects:
[2023.12.10-08.29.31:787][  0]LogAndroidPermission: UAndroidPermissionCallbackProxy::GetInstance
[2023.12.10-08.29.31:819][  0]LogAudioCaptureCore: Display: No Audio Capture implementations found. Audio input will be silent.
[2023.12.10-08.29.31:819][  0]LogAudioCaptureCore: Display: No Audio Capture implementations found. Audio input will be silent.
[2023.12.10-08.29.32:004][  0]LogCollectionManager: Loaded 0 collections in 0.000976 seconds
[2023.12.10-08.29.32:035][  0]LogFileCache: Scanning file cache for directory 'C:/Users/austi/Desktop/UnrealEngine Projects/DuckHuntAO/Duck-Hunt-AO/DuckHuntAO/Saved/Collections/' took 0.00s
[2023.12.10-08.29.32:035][  0]LogFileCache: Scanning file cache for directory 'C:/Users/austi/Desktop/UnrealEngine Projects/DuckHuntAO/Duck-Hunt-AO/DuckHuntAO/Content/Developers/austi/Collections/' took 0.00s
[2023.12.10-08.29.32:035][  0]LogFileCache: Scanning file cache for directory 'C:/Users/austi/Desktop/UnrealEngine Projects/DuckHuntAO/Duck-Hunt-AO/DuckHuntAO/Content/Collections/' took 0.00s
[2023.12.10-08.29.32:035][  0]LogOcInput: OculusInput pre-init called
[2023.12.10-08.29.32:354][  0]LogEngine: Initializing Engine...
[2023.12.10-08.29.32:358][  0]LogHMD: Failed to enumerate extensions. Please check that you have a valid OpenXR runtime installed.
[2023.12.10-08.29.32:358][  0]LogHMD: Failed to initialize OpenVR with code 110
[2023.12.10-08.29.32:358][  0]LogMagicLeap: Warning: VR disabled because ZI is not enabled.  To enable, in the editor, Edit -> Project Settings -> Plugins -> Magic Leap Plugin -> Enable Zero Iteration
[2023.12.10-08.29.32:359][  0]LogStats: UGameplayTagsManager::InitializeManager -  0.000 s
[2023.12.10-08.29.32:529][  0]LogInit: Initializing FReadOnlyCVARCache
[2023.12.10-08.29.32:544][  0]LogAIModule: Creating AISystem for world Untitled
[2023.12.10-08.29.32:545][  0]LogAudio: Display: Initializing Audio Device Manager...
[2023.12.10-08.29.32:550][  0]LogAudio: Display: Loading Default Audio Settings Objects...
[2023.12.10-08.29.32:551][  0]LogAudio: Display: No default SoundConcurrencyObject specified (or failed to load).
[2023.12.10-08.29.32:552][  0]LogAudio: Display: Audio Device Manager Initialized
[2023.12.10-08.29.32:552][  0]LogAudio: Display: Creating Audio Device:                 Id: 1, Scope: Shared, Realtime: True
[2023.12.10-08.29.32:552][  0]LogAudioMixer: Display: Audio Mixer Platform Settings:
[2023.12.10-08.29.32:552][  0]LogAudioMixer: Display: 	Sample Rate:						  48000
[2023.12.10-08.29.32:552][  0]LogAudioMixer: Display: 	Callback Buffer Frame Size Requested: 1024
[2023.12.10-08.29.32:552][  0]LogAudioMixer: Display: 	Callback Buffer Frame Size To Use:	  1024
[2023.12.10-08.29.32:552][  0]LogAudioMixer: Display: 	Number of buffers to queue:			  2
[2023.12.10-08.29.32:552][  0]LogAudioMixer: Display: 	Max Channels (voices):				  32
[2023.12.10-08.29.32:552][  0]LogAudioMixer: Display: 	Number of Async Source Workers:		  0
[2023.12.10-08.29.32:552][  0]LogAudio: Display: AudioDevice MaxSources: 32
[2023.12.10-08.29.32:553][  0]LogAudio: Display: Audio Spatialization Plugin: None (built-in).
[2023.12.10-08.29.32:553][  0]LogAudio: Display: Audio Reverb Plugin: None (built-in).
[2023.12.10-08.29.32:553][  0]LogAudio: Display: Audio Occlusion Plugin: None (built-in).
[2023.12.10-08.29.32:553][  0]LogAudioMixer: Display: Initializing audio mixer.
[2023.12.10-08.29.32:565][  0]LogAudioMixer: Display: 0: FrontLeft
[2023.12.10-08.29.32:565][  0]LogAudioMixer: Display: 1: FrontRight
[2023.12.10-08.29.32:589][  0]LogAudioMixer: Display: Using Audio Device Headphone (Realtek(R) Audio)
[2023.12.10-08.29.32:590][  0]LogAudioMixer: Display: Initializing Sound Submixes...
[2023.12.10-08.29.32:595][  0]LogAudioMixer: Display: Creating Master Submix 'MasterSubmixDefault'
[2023.12.10-08.29.32:595][  0]LogAudioMixer: Display: Creating Master Submix 'MasterReverbSubmixDefault'
[2023.12.10-08.29.32:597][  0]LogAudioMixer: Display: Creating Master Submix 'MasterEQSubmixDefault'
[2023.12.10-08.29.32:597][  0]LogAudioMixer: FMixerPlatformXAudio2::StartAudioStream() called
[2023.12.10-08.29.32:597][  0]LogAudioMixer: Display: Output buffers initialized: Frames=1024, Channels=2, Samples=2048
[2023.12.10-08.29.32:598][  0]LogAudioMixer: Display: Starting AudioMixerPlatformInterface::RunInternal()
[2023.12.10-08.29.32:598][  0]LogAudioMixer: Display: FMixerPlatformXAudio2::SubmitBuffer() called for the first time
[2023.12.10-08.29.32:598][  0]LogInit: FAudioDevice initialized.
[2023.12.10-08.29.32:599][  0]LogAudio: Display: Audio Device (ID: 1) registered with world 'Untitled'.
[2023.12.10-08.29.32:599][  0]LogNetVersion: Set ProjectVersion to 1.0.0.0. Version Checksum will be recalculated on next use.
[2023.12.10-08.29.32:689][  0]LogDerivedDataCache: Saved boot cache 0.09s 94MB C:/Users/austi/AppData/Local/UnrealEngine/4.27/DerivedDataCache/Boot.ddc.
[2023.12.10-08.29.32:689][  0]LogInit: Texture streaming: Enabled
[2023.12.10-08.29.32:707][  0]LogAnalytics: Display: [UEEditor.Rocket.Release] APIServer = https://datarouter.ol.epicgames.com/. AppVersion = 4.27.2-18319896+++UE4+Release-4.27
[2023.12.10-08.29.32:711][  0]LogEngineSessionManager: EngineSessionManager initialized
[2023.12.10-08.29.32:711][  0]LogEditorSessionSummary: Verbose: Initializing EditorSessionSummaryWriter for editor session tracking
[2023.12.10-08.29.32:713][  0]LogEditorSessionSummary: EditorSessionSummaryWriter initialized
[2023.12.10-08.29.32:758][  0]LogInit: Transaction tracking system initialized
[2023.12.10-08.29.32:788][  0]BlueprintLog: New page: Editor Load
[2023.12.10-08.29.32:881][  0]LocalizationService: Localization service is disabled
[2023.12.10-08.29.32:913][  0]TimingProfiler: Initialize
[2023.12.10-08.29.32:914][  0]TimingProfiler: OnSessionChanged
[2023.12.10-08.29.32:914][  0]LoadingProfiler: Initialize
[2023.12.10-08.29.32:914][  0]LoadingProfiler: OnSessionChanged
[2023.12.10-08.29.32:914][  0]NetworkingProfiler: Initialize
[2023.12.10-08.29.32:914][  0]NetworkingProfiler: OnSessionChanged
[2023.12.10-08.29.32:914][  0]MemoryProfiler: Initialize
[2023.12.10-08.29.32:914][  0]MemoryProfiler: OnSessionChanged
[2023.12.10-08.29.33:129][  0]LogCook: Display: CookSettings for Memory: MemoryMaxUsedVirtual 0MiB, MemoryMaxUsedPhysical 16384MiB, MemoryMinFreeVirtual 0MiB, MemoryMinFreePhysical 1024MiB
[2023.12.10-08.29.33:129][  0]LogCook: Display: Mobile HDR setting 1
[2023.12.10-08.29.33:415][  0]LogFileCache: Scanning file cache for directory 'C:/Users/austi/Desktop/UnrealEngine Projects/DuckHuntAO/Duck-Hunt-AO/DuckHuntAO/Content/' took 0.00s
[2023.12.10-08.29.33:688][  0]LogInit: Display: Engine is initialized. Leaving FEngineLoop::Init()
[2023.12.10-08.29.33:694][  0]SourceControl: Source control is disabled
[2023.12.10-08.29.33:694][  0]LogUnrealEdMisc: Loading editor; pre map load, took 10.421
[2023.12.10-08.29.33:694][  0]Cmd: MAP LOAD FILE="C:/Users/austi/Desktop/UnrealEngine Projects/DuckHuntAO/Duck-Hunt-AO/DuckHuntAO/Content/Maps/LevelOne.umap" TEMPLATE=0 SHOWPROGRESS=1 FEATURELEVEL=3
[2023.12.10-08.29.33:695][  0]LightingResults: New page: Lighting Build
[2023.12.10-08.29.33:697][  0]LogWorld: UWorld::CleanupWorld for Untitled, bSessionEnded=true, bCleanupResources=true
[2023.12.10-08.29.33:697][  0]LogSlate: InvalidateAllWidgets triggered.  All widgets were invalidated
[2023.12.10-08.29.33:698][  0]MapCheck: New page: Map Check
[2023.12.10-08.29.33:698][  0]LightingResults: New page: Lighting Build
[2023.12.10-08.29.33:703][  0]LogAudio: Display: Audio Device unregistered from world 'None'.
[2023.12.10-08.29.33:708][  0]LogUObjectHash: Compacting FUObjectHashTables data took   1.10ms
[2023.12.10-08.29.33:927][  0]LogAudio: Display: Audio Device (ID: 1) registered with world 'LevelOne'.
[2023.12.10-08.29.33:928][  0]LogAIModule: Creating AISystem for world LevelOne
[2023.12.10-08.29.33:942][  0]LogEditorServer: Finished looking for orphan Actors (0.000 secs)
[2023.12.10-08.29.33:951][  0]LogUObjectHash: Compacting FUObjectHashTables data took   1.26ms
[2023.12.10-08.29.33:952][  0]Cmd: MAP CHECKDEP NOCLEARLOG
[2023.12.10-08.29.33:953][  0]MapCheck: Map check complete: 0 Error(s), 0 Warning(s), took 0.229ms to complete.
[2023.12.10-08.29.33:953][  0]LogFileHelpers: Loading map 'LevelOne' took 0.258
[2023.12.10-08.29.33:955][  0]LogUnrealEdMisc: Total Editor Startup Time, took 10.682
[2023.12.10-08.29.34:113][  0]LogSlate: Updating window title bar state: overlay mode, drag disabled, window buttons hidden, title bar hidden
[2023.12.10-08.29.34:123][  0]LogSlate: Updating window title bar state: overlay mode, drag disabled, window buttons hidden, title bar hidden
[2023.12.10-08.29.34:132][  0]LogSlate: Updating window title bar state: overlay mode, drag disabled, window buttons hidden, title bar hidden
[2023.12.10-08.29.34:141][  0]LogSlate: Updating window title bar state: overlay mode, drag disabled, window buttons hidden, title bar hidden
[2023.12.10-08.29.34:163][  0]LogNativeClassHierarchy: Verbose: Native class hierarchy populated in 0.0136 seconds. Added 3822 classes and 928 folders.
[2023.12.10-08.29.34:166][  0]LogNativeClassHierarchy: Verbose: Native class hierarchy updated for 'WidgetCarousel' in 0.0003 seconds. Added 0 classes and 0 folders.
[2023.12.10-08.29.34:168][  0]LogPakFile: PakFile PrimaryIndexSize=187
[2023.12.10-08.29.34:168][  0]LogPakFile: PakFile PathHashIndexSize=101
[2023.12.10-08.29.34:168][  0]LogPakFile: PakFile FullDirectoryIndexSize=148
[2023.12.10-08.29.34:168][  0]LogShaderLibrary: Display: ShaderCodeLibraryPakFileMountedCallback: PakFile 'D:/Epic Games/UE_4.27/FeaturePacks/FP_FirstPerson.upack' (chunk index -1, root 'root:/') mounted
[2023.12.10-08.29.34:168][  0]LogShaderLibrary: Display: ShaderCodeLibraryPakFileMountedCallback: pending pak file info (ChunkID:-1 Root:root:/ File:D:/Epic Games/UE_4.27/FeaturePacks/FP_FirstPerson.upack)
[2023.12.10-08.29.34:168][  0]LogPakFile: OnPakFileMounted2Time == 0.000068
[2023.12.10-08.29.34:169][  0]LogPakFile: PakFile PrimaryIndexSize=189
[2023.12.10-08.29.34:169][  0]LogPakFile: PakFile PathHashIndexSize=101
[2023.12.10-08.29.34:169][  0]LogPakFile: PakFile FullDirectoryIndexSize=152
[2023.12.10-08.29.34:169][  0]LogShaderLibrary: Display: ShaderCodeLibraryPakFileMountedCallback: PakFile 'D:/Epic Games/UE_4.27/FeaturePacks/FP_FirstPersonBP.upack' (chunk index -1, root 'root:/') mounted
[2023.12.10-08.29.34:169][  0]LogShaderLibrary: Display: ShaderCodeLibraryPakFileMountedCallback: pending pak file info (ChunkID:-1 Root:root:/ File:D:/Epic Games/UE_4.27/FeaturePacks/FP_FirstPersonBP.upack)
[2023.12.10-08.29.34:169][  0]LogPakFile: OnPakFileMounted2Time == 0.000077
[2023.12.10-08.29.34:171][  0]LogPakFile: PakFile PrimaryIndexSize=191
[2023.12.10-08.29.34:171][  0]LogPakFile: PakFile PathHashIndexSize=101
[2023.12.10-08.29.34:171][  0]LogPakFile: PakFile FullDirectoryIndexSize=160
[2023.12.10-08.29.34:171][  0]LogShaderLibrary: Display: ShaderCodeLibraryPakFileMountedCallback: PakFile 'D:/Epic Games/UE_4.27/FeaturePacks/MobileStarterContent.upack' (chunk index -1, root 'root:/') mounted
[2023.12.10-08.29.34:171][  0]LogShaderLibrary: Display: ShaderCodeLibraryPakFileMountedCallback: pending pak file info (ChunkID:-1 Root:root:/ File:D:/Epic Games/UE_4.27/FeaturePacks/MobileStarterContent.upack)
[2023.12.10-08.29.34:171][  0]LogPakFile: OnPakFileMounted2Time == 0.000049
[2023.12.10-08.29.34:171][  0]LogPakFile: PakFile PrimaryIndexSize=185
[2023.12.10-08.29.34:171][  0]LogPakFile: PakFile PathHashIndexSize=101
[2023.12.10-08.29.34:171][  0]LogPakFile: PakFile FullDirectoryIndexSize=148
[2023.12.10-08.29.34:171][  0]LogShaderLibrary: Display: ShaderCodeLibraryPakFileMountedCallback: PakFile 'D:/Epic Games/UE_4.27/FeaturePacks/StarterContent.upack' (chunk index -1, root 'root:/') mounted
[2023.12.10-08.29.34:173][  0]LogShaderLibrary: Display: ShaderCodeLibraryPakFileMountedCallback: pending pak file info (ChunkID:-1 Root:root:/ File:D:/Epic Games/UE_4.27/FeaturePacks/StarterContent.upack)
[2023.12.10-08.29.34:173][  0]LogPakFile: OnPakFileMounted2Time == 0.000067
[2023.12.10-08.29.34:174][  0]LogPakFile: PakFile PrimaryIndexSize=190
[2023.12.10-08.29.34:174][  0]LogPakFile: PakFile PathHashIndexSize=101
[2023.12.10-08.29.34:174][  0]LogPakFile: PakFile FullDirectoryIndexSize=154
[2023.12.10-08.29.34:174][  0]LogShaderLibrary: Display: ShaderCodeLibraryPakFileMountedCallback: PakFile 'D:/Epic Games/UE_4.27/FeaturePacks/TP_2DSideScroller.upack' (chunk index -1, root 'root:/') mounted
[2023.12.10-08.29.34:174][  0]LogShaderLibrary: Display: ShaderCodeLibraryPakFileMountedCallback: pending pak file info (ChunkID:-1 Root:root:/ File:D:/Epic Games/UE_4.27/FeaturePacks/TP_2DSideScroller.upack)
[2023.12.10-08.29.34:174][  0]LogPakFile: OnPakFileMounted2Time == 0.000049
[2023.12.10-08.29.34:175][  0]LogPakFile: PakFile PrimaryIndexSize=192
[2023.12.10-08.29.34:175][  0]LogPakFile: PakFile PathHashIndexSize=101
[2023.12.10-08.29.34:175][  0]LogPakFile: PakFile FullDirectoryIndexSize=158
[2023.12.10-08.29.34:175][  0]LogShaderLibrary: Display: ShaderCodeLibraryPakFileMountedCallback: PakFile 'D:/Epic Games/UE_4.27/FeaturePacks/TP_2DSideScrollerBP.upack' (chunk index -1, root 'root:/') mounted
[2023.12.10-08.29.34:175][  0]LogShaderLibrary: Display: ShaderCodeLibraryPakFileMountedCallback: pending pak file info (ChunkID:-1 Root:root:/ File:D:/Epic Games/UE_4.27/FeaturePacks/TP_2DSideScrollerBP.upack)
[2023.12.10-08.29.34:175][  0]LogPakFile: OnPakFileMounted2Time == 0.000049
[2023.12.10-08.29.34:176][  0]LogPakFile: PakFile PrimaryIndexSize=182
[2023.12.10-08.29.34:176][  0]LogPakFile: PakFile PathHashIndexSize=101
[2023.12.10-08.29.34:176][  0]LogPakFile: PakFile FullDirectoryIndexSize=138
[2023.12.10-08.29.34:176][  0]LogShaderLibrary: Display: ShaderCodeLibraryPakFileMountedCallback: PakFile 'D:/Epic Games/UE_4.27/FeaturePacks/TP_Flying.upack' (chunk index -1, root 'root:/') mounted
[2023.12.10-08.29.34:176][  0]LogShaderLibrary: Display: ShaderCodeLibraryPakFileMountedCallback: pending pak file info (ChunkID:-1 Root:root:/ File:D:/Epic Games/UE_4.27/FeaturePacks/TP_Flying.upack)
[2023.12.10-08.29.34:176][  0]LogPakFile: OnPakFileMounted2Time == 0.000049
[2023.12.10-08.29.34:177][  0]LogPakFile: PakFile PrimaryIndexSize=184
[2023.12.10-08.29.34:177][  0]LogPakFile: PakFile PathHashIndexSize=101
[2023.12.10-08.29.34:177][  0]LogPakFile: PakFile FullDirectoryIndexSize=142
[2023.12.10-08.29.34:177][  0]LogShaderLibrary: Display: ShaderCodeLibraryPakFileMountedCallback: PakFile 'D:/Epic Games/UE_4.27/FeaturePacks/TP_FlyingBP.upack' (chunk index -1, root 'root:/') mounted
[2023.12.10-08.29.34:177][  0]LogShaderLibrary: Display: ShaderCodeLibraryPakFileMountedCallback: pending pak file info (ChunkID:-1 Root:root:/ File:D:/Epic Games/UE_4.27/FeaturePacks/TP_FlyingBP.upack)
[2023.12.10-08.29.34:178][  0]LogPakFile: OnPakFileMounted2Time == 0.000051
[2023.12.10-08.29.34:179][  0]LogPakFile: PakFile PrimaryIndexSize=188
[2023.12.10-08.29.34:179][  0]LogPakFile: PakFile PathHashIndexSize=101
[2023.12.10-08.29.34:179][  0]LogPakFile: PakFile FullDirectoryIndexSize=150
[2023.12.10-08.29.34:179][  0]LogShaderLibrary: Display: ShaderCodeLibraryPakFileMountedCallback: PakFile 'D:/Epic Games/UE_4.27/FeaturePacks/TP_HandheldARBP.upack' (chunk index -1, root 'root:/') mounted
[2023.12.10-08.29.34:179][  0]LogShaderLibrary: Display: ShaderCodeLibraryPakFileMountedCallback: pending pak file info (ChunkID:-1 Root:root:/ File:D:/Epic Games/UE_4.27/FeaturePacks/TP_HandheldARBP.upack)
[2023.12.10-08.29.34:179][  0]LogPakFile: OnPakFileMounted2Time == 0.000051
[2023.12.10-08.29.34:181][  0]LogPakFile: PakFile PrimaryIndexSize=182
[2023.12.10-08.29.34:181][  0]LogPakFile: PakFile PathHashIndexSize=101
[2023.12.10-08.29.34:181][  0]LogPakFile: PakFile FullDirectoryIndexSize=138
[2023.12.10-08.29.34:181][  0]LogShaderLibrary: Display: ShaderCodeLibraryPakFileMountedCallback: PakFile 'D:/Epic Games/UE_4.27/FeaturePacks/TP_Puzzle.upack' (chunk index -1, root 'root:/') mounted
[2023.12.10-08.29.34:181][  0]LogShaderLibrary: Display: ShaderCodeLibraryPakFileMountedCallback: pending pak file info (ChunkID:-1 Root:root:/ File:D:/Epic Games/UE_4.27/FeaturePacks/TP_Puzzle.upack)
[2023.12.10-08.29.34:181][  0]LogPakFile: OnPakFileMounted2Time == 0.000051
[2023.12.10-08.29.34:182][  0]LogPakFile: PakFile PrimaryIndexSize=184
[2023.12.10-08.29.34:182][  0]LogPakFile: PakFile PathHashIndexSize=101
[2023.12.10-08.29.34:182][  0]LogPakFile: PakFile FullDirectoryIndexSize=142
[2023.12.10-08.29.34:182][  0]LogShaderLibrary: Display: ShaderCodeLibraryPakFileMountedCallback: PakFile 'D:/Epic Games/UE_4.27/FeaturePacks/TP_PuzzleBP.upack' (chunk index -1, root 'root:/') mounted
[2023.12.10-08.29.34:182][  0]LogShaderLibrary: Display: ShaderCodeLibraryPakFileMountedCallback: pending pak file info (ChunkID:-1 Root:root:/ File:D:/Epic Games/UE_4.27/FeaturePacks/TP_PuzzleBP.upack)
[2023.12.10-08.29.34:182][  0]LogPakFile: OnPakFileMounted2Time == 0.000046
[2023.12.10-08.29.34:183][  0]LogPakFile: PakFile PrimaryIndexSize=183
[2023.12.10-08.29.34:183][  0]LogPakFile: PakFile PathHashIndexSize=101
[2023.12.10-08.29.34:183][  0]LogPakFile: PakFile FullDirectoryIndexSize=140
[2023.12.10-08.29.34:183][  0]LogShaderLibrary: Display: ShaderCodeLibraryPakFileMountedCallback: PakFile 'D:/Epic Games/UE_4.27/FeaturePacks/TP_Rolling.upack' (chunk index -1, root 'root:/') mounted
[2023.12.10-08.29.34:183][  0]LogShaderLibrary: Display: ShaderCodeLibraryPakFileMountedCallback: pending pak file info (ChunkID:-1 Root:root:/ File:D:/Epic Games/UE_4.27/FeaturePacks/TP_Rolling.upack)
[2023.12.10-08.29.34:183][  0]LogPakFile: OnPakFileMounted2Time == 0.000046
[2023.12.10-08.29.34:184][  0]LogPakFile: PakFile PrimaryIndexSize=185
[2023.12.10-08.29.34:184][  0]LogPakFile: PakFile PathHashIndexSize=101
[2023.12.10-08.29.34:184][  0]LogPakFile: PakFile FullDirectoryIndexSize=144
[2023.12.10-08.29.34:184][  0]LogShaderLibrary: Display: ShaderCodeLibraryPakFileMountedCallback: PakFile 'D:/Epic Games/UE_4.27/FeaturePacks/TP_RollingBP.upack' (chunk index -1, root 'root:/') mounted
[2023.12.10-08.29.34:184][  0]LogShaderLibrary: Display: ShaderCodeLibraryPakFileMountedCallback: pending pak file info (ChunkID:-1 Root:root:/ File:D:/Epic Games/UE_4.27/FeaturePacks/TP_RollingBP.upack)
[2023.12.10-08.29.34:184][  0]LogPakFile: OnPakFileMounted2Time == 0.000048
[2023.12.10-08.29.34:185][  0]LogPakFile: PakFile PrimaryIndexSize=188
[2023.12.10-08.29.34:185][  0]LogPakFile: PakFile PathHashIndexSize=101
[2023.12.10-08.29.34:185][  0]LogPakFile: PakFile FullDirectoryIndexSize=150
[2023.12.10-08.29.34:185][  0]LogShaderLibrary: Display: ShaderCodeLibraryPakFileMountedCallback: PakFile 'D:/Epic Games/UE_4.27/FeaturePacks/TP_SideScroller.upack' (chunk index -1, root 'root:/') mounted
[2023.12.10-08.29.34:185][  0]LogShaderLibrary: Display: ShaderCodeLibraryPakFileMountedCallback: pending pak file info (ChunkID:-1 Root:root:/ File:D:/Epic Games/UE_4.27/FeaturePacks/TP_SideScroller.upack)
[2023.12.10-08.29.34:185][  0]LogPakFile: OnPakFileMounted2Time == 0.000049
[2023.12.10-08.29.34:186][  0]LogPakFile: PakFile PrimaryIndexSize=190
[2023.12.10-08.29.34:186][  0]LogPakFile: PakFile PathHashIndexSize=101
[2023.12.10-08.29.34:186][  0]LogPakFile: PakFile FullDirectoryIndexSize=154
[2023.12.10-08.29.34:186][  0]LogShaderLibrary: Display: ShaderCodeLibraryPakFileMountedCallback: PakFile 'D:/Epic Games/UE_4.27/FeaturePacks/TP_SideScrollerBP.upack' (chunk index -1, root 'root:/') mounted
[2023.12.10-08.29.34:186][  0]LogShaderLibrary: Display: ShaderCodeLibraryPakFileMountedCallback: pending pak file info (ChunkID:-1 Root:root:/ File:D:/Epic Games/UE_4.27/FeaturePacks/TP_SideScrollerBP.upack)
[2023.12.10-08.29.34:186][  0]LogPakFile: OnPakFileMounted2Time == 0.000063
[2023.12.10-08.29.34:188][  0]LogPakFile: PakFile PrimaryIndexSize=187
[2023.12.10-08.29.34:188][  0]LogPakFile: PakFile PathHashIndexSize=101
[2023.12.10-08.29.34:188][  0]LogPakFile: PakFile FullDirectoryIndexSize=148
[2023.12.10-08.29.34:188][  0]LogShaderLibrary: Display: ShaderCodeLibraryPakFileMountedCallback: PakFile 'D:/Epic Games/UE_4.27/FeaturePacks/TP_ThirdPerson.upack' (chunk index -1, root 'root:/') mounted
[2023.12.10-08.29.34:188][  0]LogShaderLibrary: Display: ShaderCodeLibraryPakFileMountedCallback: pending pak file info (ChunkID:-1 Root:root:/ File:D:/Epic Games/UE_4.27/FeaturePacks/TP_ThirdPerson.upack)
[2023.12.10-08.29.34:188][  0]LogPakFile: OnPakFileMounted2Time == 0.000071
[2023.12.10-08.29.34:189][  0]LogPakFile: PakFile PrimaryIndexSize=189
[2023.12.10-08.29.34:190][  0]LogPakFile: PakFile PathHashIndexSize=101
[2023.12.10-08.29.34:190][  0]LogPakFile: PakFile FullDirectoryIndexSize=152
[2023.12.10-08.29.34:190][  0]LogShaderLibrary: Display: ShaderCodeLibraryPakFileMountedCallback: PakFile 'D:/Epic Games/UE_4.27/FeaturePacks/TP_ThirdPersonBP.upack' (chunk index -1, root 'root:/') mounted
[2023.12.10-08.29.34:190][  0]LogShaderLibrary: Display: ShaderCodeLibraryPakFileMountedCallback: pending pak file info (ChunkID:-1 Root:root:/ File:D:/Epic Games/UE_4.27/FeaturePacks/TP_ThirdPersonBP.upack)
[2023.12.10-08.29.34:190][  0]LogPakFile: OnPakFileMounted2Time == 0.000068
[2023.12.10-08.29.34:191][  0]LogPakFile: PakFile PrimaryIndexSize=183
[2023.12.10-08.29.34:191][  0]LogPakFile: PakFile PathHashIndexSize=101
[2023.12.10-08.29.34:191][  0]LogPakFile: PakFile FullDirectoryIndexSize=140
[2023.12.10-08.29.34:191][  0]LogShaderLibrary: Display: ShaderCodeLibraryPakFileMountedCallback: PakFile 'D:/Epic Games/UE_4.27/FeaturePacks/TP_TopDown.upack' (chunk index -1, root 'root:/') mounted
[2023.12.10-08.29.34:191][  0]LogShaderLibrary: Display: ShaderCodeLibraryPakFileMountedCallback: pending pak file info (ChunkID:-1 Root:root:/ File:D:/Epic Games/UE_4.27/FeaturePacks/TP_TopDown.upack)
[2023.12.10-08.29.34:191][  0]LogPakFile: OnPakFileMounted2Time == 0.000090
[2023.12.10-08.29.34:193][  0]LogPakFile: PakFile PrimaryIndexSize=185
[2023.12.10-08.29.34:193][  0]LogPakFile: PakFile PathHashIndexSize=101
[2023.12.10-08.29.34:193][  0]LogPakFile: PakFile FullDirectoryIndexSize=144
[2023.12.10-08.29.34:193][  0]LogShaderLibrary: Display: ShaderCodeLibraryPakFileMountedCallback: PakFile 'D:/Epic Games/UE_4.27/FeaturePacks/TP_TopDownBP.upack' (chunk index -1, root 'root:/') mounted
[2023.12.10-08.29.34:193][  0]LogShaderLibrary: Display: ShaderCodeLibraryPakFileMountedCallback: pending pak file info (ChunkID:-1 Root:root:/ File:D:/Epic Games/UE_4.27/FeaturePacks/TP_TopDownBP.upack)
[2023.12.10-08.29.34:193][  0]LogPakFile: OnPakFileMounted2Time == 0.000049
[2023.12.10-08.29.34:194][  0]LogPakFile: PakFile PrimaryIndexSize=185
[2023.12.10-08.29.34:194][  0]LogPakFile: PakFile PathHashIndexSize=101
[2023.12.10-08.29.34:194][  0]LogPakFile: PakFile FullDirectoryIndexSize=144
[2023.12.10-08.29.34:194][  0]LogShaderLibrary: Display: ShaderCodeLibraryPakFileMountedCallback: PakFile 'D:/Epic Games/UE_4.27/FeaturePacks/TP_TwinStick.upack' (chunk index -1, root 'root:/') mounted
[2023.12.10-08.29.34:194][  0]LogShaderLibrary: Display: ShaderCodeLibraryPakFileMountedCallback: pending pak file info (ChunkID:-1 Root:root:/ File:D:/Epic Games/UE_4.27/FeaturePacks/TP_TwinStick.upack)
[2023.12.10-08.29.34:194][  0]LogPakFile: OnPakFileMounted2Time == 0.000049
[2023.12.10-08.29.34:195][  0]LogPakFile: PakFile PrimaryIndexSize=187
[2023.12.10-08.29.34:195][  0]LogPakFile: PakFile PathHashIndexSize=101
[2023.12.10-08.29.34:195][  0]LogPakFile: PakFile FullDirectoryIndexSize=148
[2023.12.10-08.29.34:195][  0]LogShaderLibrary: Display: ShaderCodeLibraryPakFileMountedCallback: PakFile 'D:/Epic Games/UE_4.27/FeaturePacks/TP_TwinStickBP.upack' (chunk index -1, root 'root:/') mounted
[2023.12.10-08.29.34:195][  0]LogShaderLibrary: Display: ShaderCodeLibraryPakFileMountedCallback: pending pak file info (ChunkID:-1 Root:root:/ File:D:/Epic Games/UE_4.27/FeaturePacks/TP_TwinStickBP.upack)
[2023.12.10-08.29.34:195][  0]LogPakFile: OnPakFileMounted2Time == 0.000045
[2023.12.10-08.29.34:196][  0]LogPakFile: PakFile PrimaryIndexSize=183
[2023.12.10-08.29.34:196][  0]LogPakFile: PakFile PathHashIndexSize=101
[2023.12.10-08.29.34:196][  0]LogPakFile: PakFile FullDirectoryIndexSize=140
[2023.12.10-08.29.34:196][  0]LogShaderLibrary: Display: ShaderCodeLibraryPakFileMountedCallback: PakFile 'D:/Epic Games/UE_4.27/FeaturePacks/TP_Vehicle.upack' (chunk index -1, root 'root:/') mounted
[2023.12.10-08.29.34:196][  0]LogShaderLibrary: Display: ShaderCodeLibraryPakFileMountedCallback: pending pak file info (ChunkID:-1 Root:root:/ File:D:/Epic Games/UE_4.27/FeaturePacks/TP_Vehicle.upack)
[2023.12.10-08.29.34:196][  0]LogPakFile: OnPakFileMounted2Time == 0.000045
[2023.12.10-08.29.34:197][  0]LogPakFile: PakFile PrimaryIndexSize=186
[2023.12.10-08.29.34:197][  0]LogPakFile: PakFile PathHashIndexSize=101
[2023.12.10-08.29.34:197][  0]LogPakFile: PakFile FullDirectoryIndexSize=146
[2023.12.10-08.29.34:197][  0]LogShaderLibrary: Display: ShaderCodeLibraryPakFileMountedCallback: PakFile 'D:/Epic Games/UE_4.27/FeaturePacks/TP_VehicleAdv.upack' (chunk index -1, root 'root:/') mounted
[2023.12.10-08.29.34:197][  0]LogShaderLibrary: Display: ShaderCodeLibraryPakFileMountedCallback: pending pak file info (ChunkID:-1 Root:root:/ File:D:/Epic Games/UE_4.27/FeaturePacks/TP_VehicleAdv.upack)
[2023.12.10-08.29.34:197][  0]LogPakFile: OnPakFileMounted2Time == 0.000045
[2023.12.10-08.29.34:199][  0]LogPakFile: PakFile PrimaryIndexSize=188
[2023.12.10-08.29.34:199][  0]LogPakFile: PakFile PathHashIndexSize=101
[2023.12.10-08.29.34:199][  0]LogPakFile: PakFile FullDirectoryIndexSize=150
[2023.12.10-08.29.34:199][  0]LogShaderLibrary: Display: ShaderCodeLibraryPakFileMountedCallback: PakFile 'D:/Epic Games/UE_4.27/FeaturePacks/TP_VehicleAdvBP.upack' (chunk index -1, root 'root:/') mounted
[2023.12.10-08.29.34:199][  0]LogShaderLibrary: Display: ShaderCodeLibraryPakFileMountedCallback: pending pak file info (ChunkID:-1 Root:root:/ File:D:/Epic Games/UE_4.27/FeaturePacks/TP_VehicleAdvBP.upack)
[2023.12.10-08.29.34:199][  0]LogPakFile: OnPakFileMounted2Time == 0.000050
[2023.12.10-08.29.34:200][  0]LogPakFile: PakFile PrimaryIndexSize=185
[2023.12.10-08.29.34:200][  0]LogPakFile: PakFile PathHashIndexSize=101
[2023.12.10-08.29.34:200][  0]LogPakFile: PakFile FullDirectoryIndexSize=144
[2023.12.10-08.29.34:200][  0]LogShaderLibrary: Display: ShaderCodeLibraryPakFileMountedCallback: PakFile 'D:/Epic Games/UE_4.27/FeaturePacks/TP_VehicleBP.upack' (chunk index -1, root 'root:/') mounted
[2023.12.10-08.29.34:200][  0]LogShaderLibrary: Display: ShaderCodeLibraryPakFileMountedCallback: pending pak file info (ChunkID:-1 Root:root:/ File:D:/Epic Games/UE_4.27/FeaturePacks/TP_VehicleBP.upack)
[2023.12.10-08.29.34:200][  0]LogPakFile: OnPakFileMounted2Time == 0.000044
[2023.12.10-08.29.34:201][  0]LogPakFile: PakFile PrimaryIndexSize=192
[2023.12.10-08.29.34:201][  0]LogPakFile: PakFile PathHashIndexSize=101
[2023.12.10-08.29.34:201][  0]LogPakFile: PakFile FullDirectoryIndexSize=158
[2023.12.10-08.29.34:201][  0]LogShaderLibrary: Display: ShaderCodeLibraryPakFileMountedCallback: PakFile 'D:/Epic Games/UE_4.27/FeaturePacks/TP_VirtualRealityBP.upack' (chunk index -1, root 'root:/') mounted
[2023.12.10-08.29.34:201][  0]LogShaderLibrary: Display: ShaderCodeLibraryPakFileMountedCallback: pending pak file info (ChunkID:-1 Root:root:/ File:D:/Epic Games/UE_4.27/FeaturePacks/TP_VirtualRealityBP.upack)
[2023.12.10-08.29.34:201][  0]LogPakFile: OnPakFileMounted2Time == 0.000048
[2023.12.10-08.29.34:311][  0]LogNativeClassHierarchy: Verbose: Native class hierarchy updated for 'AddContentDialog' in 0.0005 seconds. Added 0 classes and 0 folders.
[2023.12.10-08.29.34:313][  0]LogNativeClassHierarchy: Verbose: Native class hierarchy updated for 'SceneOutliner' in 0.0005 seconds. Added 2 classes and 0 folders.
[2023.12.10-08.29.34:489][  0]LogSlate: Took 0.000514 seconds to synchronously load lazily loaded font '../../../Engine/Content/Slate/Fonts/Roboto-Regular.ttf' (155K)
[2023.12.10-08.29.34:490][  0]LogSlate: Took 0.000510 seconds to synchronously load lazily loaded font '../../../Engine/Content/Editor/Slate/Fonts/FontAwesome.ttf' (139K)
[2023.12.10-08.29.34:493][  0]LogSlate: Took 0.000375 seconds to synchronously load lazily loaded font '../../../Engine/Content/Slate/Fonts/Roboto-Bold.ttf' (160K)
[2023.12.10-08.29.34:600][  0]LogRenderer: Reallocating scene render targets to support 1184x568 Format 9 NumSamples 1 (Frame:1).
[2023.12.10-08.29.34:739][  0]LogNativeClassHierarchy: Verbose: Native class hierarchy updated for 'HierarchicalLODOutliner' in 0.0003 seconds. Added 0 classes and 0 folders.
[2023.12.10-08.29.34:739][  0]LogLoad: (Engine Initialization) Total time: 11.47 seconds
[2023.12.10-08.29.34:739][  0]LogLoad: (Engine Initialization) Total Blueprint compile time: 0.00 seconds
[2023.12.10-08.29.34:808][  0]LogAssetRegistry: Asset discovery search completed in 6.2957 seconds
[2023.12.10-08.29.34:818][  0]LogCollectionManager: Fixed up redirectors for 0 collections in 0.000004 seconds (updated 0 objects)
[2023.12.10-08.29.34:820][  0]LogContentStreaming: Texture pool size now 400 MB
[2023.12.10-08.29.35:448][  2]LogSlate: Took 0.000444 seconds to synchronously load lazily loaded font '../../../Engine/Content/Slate/Fonts/Roboto-Light.ttf' (167K)
[2023.12.10-08.29.36:104][  4]LogSlate: Took 0.000542 seconds to synchronously load lazily loaded font '../../../Engine/Content/Slate/Fonts/Roboto-Light.ttf' (167K)
[2023.12.10-08.29.59:533][209]LogAssetEditorSubsystem: Opening Asset editor for Blueprint /Game/BluePrints/bpBlueDuck.bpBlueDuck
[2023.12.10-08.29.59:878][209]LogNativeClassHierarchy: Verbose: Native class hierarchy updated for 'BlueprintGraph' in 0.0007 seconds. Added 126 classes and 0 folders.
[2023.12.10-08.30.01:046][209]LogAssetEditorSubsystem: Opening Asset editor for Blueprint /Game/BluePrints/bpDuckEscape.bpDuckEscape
[2023.12.10-08.30.01:480][209]LogAssetEditorSubsystem: Opening Asset editor for Blueprint /Game/BluePrints/bpGameInstance.bpGameInstance
[2023.12.10-08.30.01:913][209]LogAssetEditorSubsystem: Opening Asset editor for Blueprint /Game/BluePrints/bpSpawnPoint.bpSpawnPoint
[2023.12.10-08.30.02:362][209]LogAssetEditorSubsystem: Opening Asset editor for Blueprint /Game/BluePrints/bpProjectile.bpProjectile
[2023.12.10-08.30.02:813][209]LogAssetEditorSubsystem: Opening Asset editor for WidgetBlueprint /Game/BluePrints/bpHUD.bpHUD
[2023.12.10-08.30.03:253][209]LogLinker: Warning: Failed to load '/Game/Maps/LevelOne.LevelOne:PersistentLevel.LevelOne': Can't resolve asset name
[2023.12.10-08.30.03:672][209]LogSlate: Took 0.000337 seconds to synchronously load lazily loaded font '../../../Engine/Content/Slate/Fonts/Roboto-BoldCondensed.ttf' (158K)
[2023.12.10-08.30.08:024][431]LogSlate: Took 0.000459 seconds to synchronously load lazily loaded font '../../../Engine/Content/Slate/Fonts/Roboto-Italic.ttf' (157K)
[2023.12.10-08.30.18:196][920]LogAssetEditorSubsystem: Opening Asset editor for LevelScriptBlueprint /Game/Maps/LevelOne.LevelOne:PersistentLevel.LevelOne
[2023.12.10-08.31.50:150][273]BlueprintLog: New page: Compile LevelOne
[2023.12.10-08.31.50:268][273]LogUObjectHash: Compacting FUObjectHashTables data took   5.18ms
[2023.12.10-08.31.50:344][273]LogSlate: Took 0.000361 seconds to synchronously load lazily loaded font '../../../Engine/Content/Slate/Fonts/DroidSansMono.ttf' (77K)
[2023.12.10-08.31.50:901][299]LogUObjectHash: Compacting FUObjectHashTables data took   3.81ms
[2023.12.10-08.31.50:941][299]LogSavePackage: Moving 'C:/Users/austi/Desktop/UnrealEngine Projects/DuckHuntAO/Duck-Hunt-AO/DuckHuntAO/Saved/LevelOne8E5FA148418B82C39423E9AAAE3B8A9B.tmp' to 'C:/Users/austi/Desktop/UnrealEngine Projects/DuckHuntAO/Duck-Hunt-AO/DuckHuntAO/Content/Maps/LevelOne.umap'
[2023.12.10-08.31.50:958][299]LogFileHelpers: Saving map 'LevelOne' took 0.103
[2023.12.10-08.31.50:977][299]AssetCheck: New page: Asset Save: LevelOne
[2023.12.10-08.31.50:977][299]LogContentValidation: Display: Validating World /Game/Maps/LevelOne.LevelOne
[2023.12.10-08.31.54:006][470]LogTemp: Repeating last play command: Selected Viewport
[2023.12.10-08.31.54:013][470]LogPlayLevel: PlayLevel: No blueprints needed recompiling
[2023.12.10-08.31.54:014][470]PIE: New page: PIE session: LevelOne (Dec 9, 2023, 8:31:54 PM)
[2023.12.10-08.31.54:015][470]LogOnline: OSS: Creating online subsystem instance for: NULL
[2023.12.10-08.31.54:017][470]LogOnline: OSS: TryLoadSubsystemAndSetDefault: Loaded subsystem for module [NULL]
[2023.12.10-08.31.54:017][470]LogPlayLevel: Creating play world package: /Game/Maps/UEDPIE_0_LevelOne
[2023.12.10-08.31.54:023][470]LogPlayLevel: PIE: StaticDuplicateObject took: (0.007013s)
[2023.12.10-08.31.54:024][470]LogAIModule: Creating AISystem for world LevelOne
[2023.12.10-08.31.54:025][470]LogPlayLevel: PIE: World Init took: (0.001288s)
[2023.12.10-08.31.54:025][470]LogPlayLevel: PIE: Created PIE world by copying editor world from /Game/Maps/LevelOne.LevelOne to /Game/Maps/UEDPIE_0_LevelOne.LevelOne (0.008533s)
[2023.12.10-08.31.54:069][470]LogUObjectHash: Compacting FUObjectHashTables data took   3.06ms
[2023.12.10-08.31.54:070][470]LogAudio: Display: Creating Audio Device:                 Id: 2, Scope: Unique, Realtime: True
[2023.12.10-08.31.54:070][470]LogAudioMixer: Display: Audio Mixer Platform Settings:
[2023.12.10-08.31.54:070][470]LogAudioMixer: Display: 	Sample Rate:						  48000
[2023.12.10-08.31.54:070][470]LogAudioMixer: Display: 	Callback Buffer Frame Size Requested: 1024
[2023.12.10-08.31.54:070][470]LogAudioMixer: Display: 	Callback Buffer Frame Size To Use:	  1024
[2023.12.10-08.31.54:070][470]LogAudioMixer: Display: 	Number of buffers to queue:			  2
[2023.12.10-08.31.54:070][470]LogAudioMixer: Display: 	Max Channels (voices):				  32
[2023.12.10-08.31.54:070][470]LogAudioMixer: Display: 	Number of Async Source Workers:		  0
[2023.12.10-08.31.54:070][470]LogAudio: Display: AudioDevice MaxSources: 32
[2023.12.10-08.31.54:071][470]LogAudio: Display: Audio Spatialization Plugin: None (built-in).
[2023.12.10-08.31.54:071][470]LogAudio: Display: Audio Reverb Plugin: None (built-in).
[2023.12.10-08.31.54:071][470]LogAudio: Display: Audio Occlusion Plugin: None (built-in).
[2023.12.10-08.31.54:071][470]LogAudioMixer: Display: Initializing audio mixer.
[2023.12.10-08.31.54:075][470]LogAudioMixer: Display: 0: FrontLeft
[2023.12.10-08.31.54:075][470]LogAudioMixer: Display: 1: FrontRight
[2023.12.10-08.31.54:091][470]LogAudioMixer: Display: Using Audio Device Headphone (Realtek(R) Audio)
[2023.12.10-08.31.54:091][470]LogAudioMixer: Display: Initializing Sound Submixes...
[2023.12.10-08.31.54:091][470]LogAudioMixer: Display: Creating Master Submix 'MasterSubmixDefault'
[2023.12.10-08.31.54:091][470]LogAudioMixer: Display: Creating Master Submix 'MasterReverbSubmixDefault'
[2023.12.10-08.31.54:092][470]LogAudioMixer: Display: Creating Master Submix 'MasterEQSubmixDefault'
[2023.12.10-08.31.54:092][470]LogAudioMixer: FMixerPlatformXAudio2::StartAudioStream() called
[2023.12.10-08.31.54:092][470]LogAudioMixer: Display: Output buffers initialized: Frames=1024, Channels=2, Samples=2048
[2023.12.10-08.31.54:094][470]LogAudioMixer: Display: Starting AudioMixerPlatformInterface::RunInternal()
[2023.12.10-08.31.54:094][470]LogAudioMixer: Display: FMixerPlatformXAudio2::SubmitBuffer() called for the first time
[2023.12.10-08.31.54:094][470]LogInit: FAudioDevice initialized.
[2023.12.10-08.31.54:094][470]LogAudio: Display: Audio Device (ID: 2) registered with world 'LevelOne'.
[2023.12.10-08.31.54:102][470]LogLoad: Game class is 'bpGameMode_C'
[2023.12.10-08.31.54:103][470]LogWorld: Bringing World /Game/Maps/UEDPIE_0_LevelOne.LevelOne up for play (max tick rate 60) at 2023.12.10-02.31.54
[2023.12.10-08.31.54:103][470]LogWorld: Bringing up level for play took: 0.000837
[2023.12.10-08.31.54:103][470]LogOnline: OSS: Creating online subsystem instance for: :Context_12
[2023.12.10-08.31.54:113][470]LogNativeClassHierarchy: Verbose: Native class hierarchy updated for 'MovieSceneCapture' in 0.0004 seconds. Added 20 classes and 0 folders.
[2023.12.10-08.31.54:115][470]PIE: Server logged in
[2023.12.10-08.31.54:117][470]PIE: Play in editor total start time 0.106 seconds.
[2023.12.10-08.31.57:872][473]LogScript: Warning: Runaway loop detected (over 1,000,000 iterations) - see log for stack trace
	bpBlueDuck_C /Game/Maps/UEDPIE_0_LevelOne.LevelOne:PersistentLevel.bpBlueDuck_C_1810
	Function /Game/BluePrints/bpBlueDuck.bpBlueDuck_C:ExecuteUbergraph_bpBlueDuck:01F4
[2023.12.10-08.31.57:873][473]PIE: Error: Infinite loop detected. Blueprint:  bpBlueDuck Function:  Event ActorBeginOverlap Call Stack:  Show
[2023.12.10-08.32.01:025][473]LogScript: Warning: Runaway loop detected (over 1,000,000 iterations) - see log for stack trace
	bpBlueDuck_C /Game/Maps/UEDPIE_0_LevelOne.LevelOne:PersistentLevel.bpBlueDuck_C_2566
	Function /Game/BluePrints/bpBlueDuck.bpBlueDuck_C:ExecuteUbergraph_bpBlueDuck:057D
[2023.12.10-08.32.01:025][473]PIE: Error: Infinite loop detected. Blueprint:  bpBlueDuck Function:  Branch Call Stack:  Show
[2023.12.10-08.32.04:211][473]LogScript: Warning: Runaway loop detected (over 1,000,000 iterations) - see log for stack trace
	bpBlueDuck_C /Game/Maps/UEDPIE_0_LevelOne.LevelOne:PersistentLevel.bpBlueDuck_C_1877
	Function /Game/BluePrints/bpBlueDuck.bpBlueDuck_C:ReceiveActorBeginOverlap:0026
[2023.12.10-08.32.04:211][473]PIE: Error: Infinite loop detected. Blueprint:  bpBlueDuck Function:  Event ActorBeginOverlap Call Stack:  Show
[2023.12.10-08.32.07:390][473]LogScript: Warning: Runaway loop detected (over 1,000,000 iterations) - see log for stack trace
	bpBlueDuck_C /Game/Maps/UEDPIE_0_LevelOne.LevelOne:PersistentLevel.bpBlueDuck_C_3633
	Function /Game/BluePrints/bpBlueDuck.bpBlueDuck_C:ReceiveActorBeginOverlap:0026
[2023.12.10-08.32.07:390][473]PIE: Error: Infinite loop detected. Blueprint:  bpBlueDuck Function:  Event ActorBeginOverlap Call Stack:  Show
